{"level":"info","message":"Initialized queue: resultProcessingQueue","timestamp":"2026-05-10T05:03:48.071Z"}
{"level":"info","message":"Initialized queue: gpaCalculationQueue","timestamp":"2026-05-10T05:03:48.075Z"}
{"level":"info","message":"Initialized queue: cgpaUpdateQueue","timestamp":"2026-05-10T05:03:48.076Z"}
{"level":"info","message":"Initialized queue: notificationQueue","timestamp":"2026-05-10T05:03:48.078Z"}
{"level":"info","message":"Initialized queue: billingQueue","timestamp":"2026-05-10T05:03:48.081Z"}
{"level":"info","message":"Initialized queue: reportGenerationQueue","timestamp":"2026-05-10T05:03:48.084Z"}
{"level":"info","message":"Initialized queue: fileProcessingQueue","timestamp":"2026-05-10T05:03:48.085Z"}
{"level":"info","message":"All job workers initialized","timestamp":"2026-05-10T05:03:48.092Z"}
{"level":"info","message":"Initializing job queue manager...","timestamp":"2026-05-10T05:03:50.821Z"}
{"level":"info","message":"Infrastructure services initialized successfully","timestamp":"2026-05-10T05:03:50.821Z"}
{"ip":"::1","level":"info","message":"API Request","method":"GET","query":"{}","timestamp":"2026-05-10T05:04:41.642Z","url":"/api/health","userAgent":"Mozilla/5.0 (Windows NT; Windows NT 10.0; en-US) WindowsPowerShell/5.1.22000.2538"}
{"level":"info","message":"Initialized queue: resultProcessingQueue","timestamp":"2026-05-10T05:05:39.937Z"}
{"level":"info","message":"Initialized queue: gpaCalculationQueue","timestamp":"2026-05-10T05:05:39.940Z"}
{"level":"info","message":"Initialized queue: cgpaUpdateQueue","timestamp":"2026-05-10T05:05:39.941Z"}
{"level":"info","message":"Initialized queue: notificationQueue","timestamp":"2026-05-10T05:05:39.941Z"}
{"level":"info","message":"Initialized queue: billingQueue","timestamp":"2026-05-10T05:05:39.942Z"}
{"level":"info","message":"Initialized queue: reportGenerationQueue","timestamp":"2026-05-10T05:05:39.943Z"}
{"level":"info","message":"Initialized queue: fileProcessingQueue","timestamp":"2026-05-10T05:05:39.944Z"}
{"level":"info","message":"All job workers initialized","timestamp":"2026-05-10T05:05:39.957Z"}
{"level":"info","message":"Initializing job queue manager...","timestamp":"2026-05-10T05:05:41.086Z"}
{"level":"info","message":"Infrastructure services initialized successfully","timestamp":"2026-05-10T05:05:41.087Z"}
{"level":"info","message":"Initialized queue: resultProcessingQueue","timestamp":"2026-05-10T05:08:26.682Z"}
{"level":"info","message":"Initialized queue: gpaCalculationQueue","timestamp":"2026-05-10T05:08:26.685Z"}
{"level":"info","message":"Initialized queue: cgpaUpdateQueue","timestamp":"2026-05-10T05:08:26.686Z"}
{"level":"info","message":"Initialized queue: notificationQueue","timestamp":"2026-05-10T05:08:26.687Z"}
{"level":"info","message":"Initialized queue: billingQueue","timestamp":"2026-05-10T05:08:26.688Z"}
{"level":"info","message":"Initialized queue: reportGenerationQueue","timestamp":"2026-05-10T05:08:26.689Z"}
{"level":"info","message":"Initialized queue: fileProcessingQueue","timestamp":"2026-05-10T05:08:26.689Z"}
{"level":"info","message":"All job workers initialized","timestamp":"2026-05-10T05:08:26.697Z"}
{"level":"info","message":"Initializing job queue manager...","timestamp":"2026-05-10T05:08:27.847Z"}
{"level":"info","message":"Infrastructure services initialized successfully","timestamp":"2026-05-10T05:08:27.850Z"}
{"level":"info","message":"Initialized queue: resultProcessingQueue","timestamp":"2026-05-10T05:12:40.113Z"}
{"level":"info","message":"Initialized queue: gpaCalculationQueue","timestamp":"2026-05-10T05:12:40.116Z"}
{"level":"info","message":"Initialized queue: cgpaUpdateQueue","timestamp":"2026-05-10T05:12:40.117Z"}
{"level":"info","message":"Initialized queue: notificationQueue","timestamp":"2026-05-10T05:12:40.118Z"}
{"level":"info","message":"Initialized queue: billingQueue","timestamp":"2026-05-10T05:12:40.120Z"}
{"level":"info","message":"Initialized queue: reportGenerationQueue","timestamp":"2026-05-10T05:12:40.121Z"}
{"level":"info","message":"Initialized queue: fileProcessingQueue","timestamp":"2026-05-10T05:12:40.122Z"}
{"level":"info","message":"All job workers initialized","timestamp":"2026-05-10T05:12:40.129Z"}
{"level":"info","message":"Initializing job queue manager...","timestamp":"2026-05-10T05:12:41.454Z"}
{"level":"info","message":"Infrastructure services initialized successfully","timestamp":"2026-05-10T05:12:41.457Z"}
{"ip":"::1","level":"info","message":"API Request","method":"GET","query":"{}","timestamp":"2026-05-10T05:13:28.976Z","url":"/api/health","userAgent":"Mozilla/5.0 (Windows NT; Windows NT 10.0; en-US) WindowsPowerShell/5.1.22000.2538"}
{"level":"info","message":"Initializing job queue manager...","timestamp":"2026-05-10T05:15:21.930Z"}
{"level":"info","message":"Infrastructure services initialized successfully","timestamp":"2026-05-10T05:15:21.933Z"}
{"error":"","level":"warn","message":"Redis connection failed:","timestamp":"2026-05-10T05:15:22.001Z"}
{"level":"warn","message":"Job queue system disabled - Redis not available","timestamp":"2026-05-10T05:15:22.003Z"}
{"ip":"::1","level":"info","message":"API Request","method":"GET","query":"{}","timestamp":"2026-05-10T05:15:33.450Z","url":"/api/health","userAgent":"Mozilla/5.0 (Windows NT; Windows NT 10.0; en-US) WindowsPowerShell/5.1.22000.2538"}
{"level":"info","message":"Initializing job queue manager...","timestamp":"2026-05-10T08:41:59.197Z"}
{"level":"info","message":"Infrastructure services initialized successfully","timestamp":"2026-05-10T08:41:59.200Z"}
{"error":"","level":"warn","message":"Redis connection failed:","timestamp":"2026-05-10T08:41:59.270Z"}
{"level":"warn","message":"Job queue system disabled - Redis not available","timestamp":"2026-05-10T08:41:59.273Z"}
{"level":"info","message":"Initializing job queue manager...","timestamp":"2026-05-10T10:29:21.497Z"}
{"level":"info","message":"Infrastructure services initialized successfully","timestamp":"2026-05-10T10:29:21.499Z"}
{"error":"","level":"warn","message":"Redis connection failed:","timestamp":"2026-05-10T10:29:21.578Z"}
{"level":"warn","message":"Job queue system disabled - Redis not available","timestamp":"2026-05-10T10:29:21.580Z"}
{"level":"info","message":"Initializing job queue manager...","timestamp":"2026-05-10T10:29:27.653Z"}
{"level":"info","message":"Infrastructure services initialized successfully","timestamp":"2026-05-10T10:29:27.656Z"}
{"error":"","level":"warn","message":"Redis connection failed:","timestamp":"2026-05-10T10:29:27.715Z"}
{"level":"warn","message":"Job queue system disabled - Redis not available","timestamp":"2026-05-10T10:29:27.716Z"}
{"ip":"::1","level":"info","message":"API Request","method":"GET","query":"{}","timestamp":"2026-05-10T10:29:40.348Z","url":"/","userAgent":"Mozilla/5.0 (Windows NT 10.0; Win64; x64) AppleWebKit/537.36 (KHTML, like Gecko) Code/1.118.1 Chrome/142.0.7444.265 Electron/39.8.8 Safari/537.36"}
{"ip":"::1","level":"info","message":"API Request","method":"GET","query":"{}","timestamp":"2026-05-10T10:32:41.277Z","url":"/","userAgent":"Mozilla/5.0 (Windows NT 10.0; Win64; x64) AppleWebKit/537.36 (KHTML, like Gecko) Chrome/148.0.0.0 Safari/537.36"}
{"level":"info","message":"Shutting down job queues...","timestamp":"2026-05-10T10:52:34.523Z"}
{"level":"info","message":"Initializing job queue manager...","timestamp":"2026-05-10T10:52:43.410Z"}
{"level":"info","message":"Infrastructure services initialized successfully","timestamp":"2026-05-10T10:52:43.417Z"}
{"error":{"code":"ECONNREFUSED"},"level":"warn","message":"Redis connection failed: AggregateError","stack":"AggregateError [ECONNREFUSED]: \n    at internalConnectMultiple (node:net:1134:18)\n    at afterConnectMultiple (node:net:1715:7)","timestamp":"2026-05-10T10:52:43.474Z"}
{"level":"warn","message":"Job queue system disabled - Redis not available","timestamp":"2026-05-10T10:52:43.476Z"}
{"level":"info","message":"Initializing job queue manager...","timestamp":"2026-05-10T10:59:55.922Z"}
{"level":"info","message":"Infrastructure services initialized successfully","timestamp":"2026-05-10T10:59:55.925Z"}
{"error":{"code":"ECONNREFUSED"},"level":"warn","message":"Redis connection failed: AggregateError","stack":"AggregateError [ECONNREFUSED]: \n    at internalConnectMultiple (node:net:1134:18)\n    at afterConnectMultiple (node:net:1715:7)","timestamp":"2026-05-10T10:59:55.991Z"}
{"level":"warn","message":"Job queue system disabled - Redis not available","timestamp":"2026-05-10T10:59:55.994Z"}
{"level":"info","message":"Initializing job queue manager...","timestamp":"2026-05-10T11:02:11.025Z"}
{"level":"info","message":"Infrastructure services initialized successfully","timestamp":"2026-05-10T11:02:11.029Z"}
{"error":{"code":"ECONNREFUSED"},"level":"warn","message":"Redis connection failed: AggregateError","stack":"AggregateError [ECONNREFUSED]: \n    at internalConnectMultiple (node:net:1134:18)\n    at afterConnectMultiple (node:net:1715:7)","timestamp":"2026-05-10T11:02:11.108Z"}
{"level":"warn","message":"Job queue system disabled - Redis not available","timestamp":"2026-05-10T11:02:11.110Z"}
{"ip":"::1","level":"info","message":"API Request","method":"GET","query":"{}","timestamp":"2026-05-10T11:03:16.069Z","url":"/system-admin/dashboard","userAgent":"Mozilla/5.0 (Windows NT 10.0; Win64; x64) AppleWebKit/537.36 (KHTML, like Gecko) Code/1.118.1 Chrome/142.0.7444.265 Electron/39.8.8 Safari/537.36"}
{"ip":"::1","level":"info","message":"API Request","method":"GET","query":"{}","timestamp":"2026-05-10T11:03:19.587Z","url":"/system-admin/dashboard","userAgent":"Mozilla/5.0 (Windows NT 10.0; Win64; x64) AppleWebKit/537.36 (KHTML, like Gecko) Code/1.118.1 Chrome/142.0.7444.265 Electron/39.8.8 Safari/537.36"}
{"ip":"::1","level":"info","message":"API Request","method":"GET","query":"{}","timestamp":"2026-05-10T11:04:05.203Z","url":"/system-admin/dashboard","userAgent":"Mozilla/5.0 (Windows NT; Windows NT 10.0; en-US) WindowsPowerShell/5.1.22000.2538"}
{"ip":"::1","level":"info","message":"API Request","method":"GET","query":"{}","timestamp":"2026-05-10T11:04:28.199Z","url":"/system-admin/dashboard","userAgent":"Mozilla/5.0 (Windows NT 10.0; Win64; x64) AppleWebKit/537.36 (KHTML, like Gecko) Chrome/148.0.0.0 Safari/537.36"}
{"level":"info","message":"Initializing job queue manager...","timestamp":"2026-05-10T11:04:44.839Z"}
{"level":"info","message":"Infrastructure services initialized successfully","timestamp":"2026-05-10T11:04:44.843Z"}
{"error":{"code":"ECONNREFUSED"},"level":"warn","message":"Redis connection failed: AggregateError","stack":"AggregateError [ECONNREFUSED]: \n    at internalConnectMultiple (node:net:1134:18)\n    at afterConnectMultiple (node:net:1715:7)","timestamp":"2026-05-10T11:04:44.929Z"}
{"level":"warn","message":"Job queue system disabled - Redis not available","timestamp":"2026-05-10T11:04:44.934Z"}
{"ip":"::1","level":"info","message":"API Request","method":"GET","query":"{}","timestamp":"2026-05-10T11:05:01.707Z","url":"/api/health","userAgent":"Mozilla/5.0 (Windows NT; Windows NT 10.0; en-US) WindowsPowerShell/5.1.22000.2538"}
{"ip":"::1","level":"info","message":"API Request","method":"GET","query":"{}","timestamp":"2026-05-10T11:05:45.024Z","url":"/system-admin/dashboard","userAgent":"Mozilla/5.0 (Windows NT 10.0; Win64; x64) AppleWebKit/537.36 (KHTML, like Gecko) Code/1.118.1 Chrome/142.0.7444.265 Electron/39.8.8 Safari/537.36"}
{"ip":"::1","level":"info","message":"API Request","method":"GET","query":"{}","timestamp":"2026-05-10T11:06:35.283Z","url":"/api/health","userAgent":"Mozilla/5.0 (Windows NT 10.0; Win64; x64) AppleWebKit/537.36 (KHTML, like Gecko) Code/1.118.1 Chrome/142.0.7444.265 Electron/39.8.8 Safari/537.36"}
{"ip":"::1","level":"info","message":"API Request","method":"GET","query":"{}","timestamp":"2026-05-10T11:07:21.359Z","url":"/api/health","userAgent":"Mozilla/5.0 (Windows NT; Windows NT 10.0; en-US) WindowsPowerShell/5.1.22000.2538"}
{"level":"info","message":"Initializing job queue manager...","timestamp":"2026-05-10T11:07:47.686Z"}
{"level":"info","message":"Infrastructure services initialized successfully","timestamp":"2026-05-10T11:07:47.690Z"}
{"error":{"code":"ECONNREFUSED"},"level":"warn","message":"Redis connection failed: AggregateError","stack":"AggregateError [ECONNREFUSED]: \n    at internalConnectMultiple (node:net:1134:18)\n    at afterConnectMultiple (node:net:1715:7)","timestamp":"2026-05-10T11:07:47.706Z"}
{"level":"warn","message":"Job queue system disabled - Redis not available","timestamp":"2026-05-10T11:07:47.709Z"}
{"ip":"::1","level":"info","message":"API Request","method":"GET","query":"{}","timestamp":"2026-05-10T11:08:23.420Z","url":"/system-admin/dashboard","userAgent":"Mozilla/5.0 (Windows NT; Windows NT 10.0; en-US) WindowsPowerShell/5.1.22000.2538"}
{"ip":"::1","level":"info","message":"API Request","method":"GET","query":"{}","timestamp":"2026-05-10T11:08:30.446Z","url":"/system-admin/dashboard","userAgent":"Mozilla/5.0 (Windows NT 10.0; Win64; x64) AppleWebKit/537.36 (KHTML, like Gecko) Code/1.118.1 Chrome/142.0.7444.265 Electron/39.8.8 Safari/537.36"}
{"level":"info","message":"Initializing job queue manager...","timestamp":"2026-05-10T11:10:30.465Z"}
{"level":"info","message":"Infrastructure services initialized successfully","timestamp":"2026-05-10T11:10:30.469Z"}
{"error":{"code":"ECONNREFUSED"},"level":"warn","message":"Redis connection failed: AggregateError","stack":"AggregateError [ECONNREFUSED]: \n    at internalConnectMultiple (node:net:1134:18)\n    at afterConnectMultiple (node:net:1715:7)","timestamp":"2026-05-10T11:10:30.487Z"}
{"level":"warn","message":"Job queue system disabled - Redis not available","timestamp":"2026-05-10T11:10:30.494Z"}
{"ip":"::1","level":"info","message":"API Request","method":"GET","query":"{}","timestamp":"2026-05-10T11:10:30.699Z","url":"/system-admin/dashboard","userAgent":"Mozilla/5.0 (Windows NT 10.0; Win64; x64) AppleWebKit/537.36 (KHTML, like Gecko) Chrome/148.0.0.0 Safari/537.36"}
{"error":"Missing authorization header","level":"error","message":"Global Error Handler","method":"GET","query":{},"stack":"Error: Missing authorization header\n    at exports.authenticateSystemAdmin (C:\\Users\\DELL\\Desktop\\RESULT APP\\backend\\modules\\systemAdmin\\auth\\middleware.js:8:13)\n    at Layer.handleRequest (C:\\Users\\DELL\\Desktop\\RESULT APP\\backend\\node_modules\\router\\lib\\layer.js:152:17)\n    at next (C:\\Users\\DELL\\Desktop\\RESULT APP\\backend\\node_modules\\router\\lib\\route.js:157:13)\n    at Route.dispatch (C:\\Users\\DELL\\Desktop\\RESULT APP\\backend\\node_modules\\router\\lib\\route.js:117:3)\n    at handle (C:\\Users\\DELL\\Desktop\\RESULT APP\\backend\\node_modules\\router\\index.js:435:11)\n    at Layer.handleRequest (C:\\Users\\DELL\\Desktop\\RESULT APP\\backend\\node_modules\\router\\lib\\layer.js:152:17)\n    at C:\\Users\\DELL\\Desktop\\RESULT APP\\backend\\node_modules\\router\\index.js:295:15\n    at processParams (C:\\Users\\DELL\\Desktop\\RESULT APP\\backend\\node_modules\\router\\index.js:582:12)\n    at next (C:\\Users\\DELL\\Desktop\\RESULT APP\\backend\\node_modules\\router\\index.js:291:5)\n    at router.handle (C:\\Users\\DELL\\Desktop\\RESULT APP\\backend\\node_modules\\router\\index.js:186:3)\n    at router (C:\\Users\\DELL\\Desktop\\RESULT APP\\backend\\node_modules\\router\\index.js:60:12)\n    at Layer.handleRequest (C:\\Users\\DELL\\Desktop\\RESULT APP\\backend\\node_modules\\router\\lib\\layer.js:152:17)\n    at trimPrefix (C:\\Users\\DELL\\Desktop\\RESULT APP\\backend\\node_modules\\router\\index.js:342:13)\n    at C:\\Users\\DELL\\Desktop\\RESULT APP\\backend\\node_modules\\router\\index.js:297:9\n    at processParams (C:\\Users\\DELL\\Desktop\\RESULT APP\\backend\\node_modules\\router\\index.js:582:12)\n    at next (C:\\Users\\DELL\\Desktop\\RESULT APP\\backend\\node_modules\\router\\index.js:291:5)","timestamp":"2026-05-10T11:10:30.701Z","url":"/system-admin/dashboard"}
{"level":"error","message":"API Error Response Missing authorization header","method":"GET","path":"/system-admin/dashboard","status":401,"timestamp":"2026-05-10T11:10:30.702Z"}
{"duration":"10ms","level":"info","message":"API Request Completed","method":"GET","statusCode":401,"timestamp":"2026-05-10T11:10:30.709Z","url":"/system-admin/dashboard"}
{"ip":"::1","level":"info","message":"API Request","method":"GET","query":"{}","timestamp":"2026-05-10T11:10:30.816Z","url":"/favicon.ico","userAgent":"Mozilla/5.0 (Windows NT 10.0; Win64; x64) AppleWebKit/537.36 (KHTML, like Gecko) Chrome/148.0.0.0 Safari/537.36"}
{"duration":"6ms","level":"info","message":"API Request Completed","method":"GET","statusCode":404,"timestamp":"2026-05-10T11:10:30.822Z","url":"/favicon.ico"}
{"level":"info","message":"Initializing job queue manager...","timestamp":"2026-05-10T11:10:52.701Z"}
{"level":"info","message":"Infrastructure services initialized successfully","timestamp":"2026-05-10T11:10:52.705Z"}
{"error":{"code":"ECONNREFUSED"},"level":"warn","message":"Redis connection failed: AggregateError","stack":"AggregateError [ECONNREFUSED]: \n    at internalConnectMultiple (node:net:1134:18)\n    at afterConnectMultiple (node:net:1715:7)","timestamp":"2026-05-10T11:10:52.720Z"}
{"level":"warn","message":"Job queue system disabled - Redis not available","timestamp":"2026-05-10T11:10:52.722Z"}
{"ip":"::1","level":"info","message":"API Request","method":"GET","query":"{}","timestamp":"2026-05-10T11:11:20.241Z","url":"/system-admin/dashboard","userAgent":"Mozilla/5.0 (Windows NT; Windows NT 10.0; en-US) WindowsPowerShell/5.1.22000.2538"}
{"error":"Missing authorization header","level":"error","message":"Global Error Handler","method":"GET","query":{},"stack":"Error: Missing authorization header\n    at exports.authenticateSystemAdmin (C:\\Users\\DELL\\Desktop\\RESULT APP\\backend\\modules\\systemAdmin\\auth\\middleware.js:8:13)\n    at Layer.handleRequest (C:\\Users\\DELL\\Desktop\\RESULT APP\\backend\\node_modules\\router\\lib\\layer.js:152:17)\n    at next (C:\\Users\\DELL\\Desktop\\RESULT APP\\backend\\node_modules\\router\\lib\\route.js:157:13)\n    at Route.dispatch (C:\\Users\\DELL\\Desktop\\RESULT APP\\backend\\node_modules\\router\\lib\\route.js:117:3)\n    at handle (C:\\Users\\DELL\\Desktop\\RESULT APP\\backend\\node_modules\\router\\index.js:435:11)\n    at Layer.handleRequest (C:\\Users\\DELL\\Desktop\\RESULT APP\\backend\\node_modules\\router\\lib\\layer.js:152:17)\n    at C:\\Users\\DELL\\Desktop\\RESULT APP\\backend\\node_modules\\router\\index.js:295:15\n    at processParams (C:\\Users\\DELL\\Desktop\\RESULT APP\\backend\\node_modules\\router\\index.js:582:12)\n    at next (C:\\Users\\DELL\\Desktop\\RESULT APP\\backend\\node_modules\\router\\index.js:291:5)\n    at router.handle (C:\\Users\\DELL\\Desktop\\RESULT APP\\backend\\node_modules\\router\\index.js:186:3)\n    at router (C:\\Users\\DELL\\Desktop\\RESULT APP\\backend\\node_modules\\router\\index.js:60:12)\n    at Layer.handleRequest (C:\\Users\\DELL\\Desktop\\RESULT APP\\backend\\node_modules\\router\\lib\\layer.js:152:17)\n    at trimPrefix (C:\\Users\\DELL\\Desktop\\RESULT APP\\backend\\node_modules\\router\\index.js:342:13)\n    at C:\\Users\\DELL\\Desktop\\RESULT APP\\backend\\node_modules\\router\\index.js:297:9\n    at processParams (C:\\Users\\DELL\\Desktop\\RESULT APP\\backend\\node_modules\\router\\index.js:582:12)\n    at next (C:\\Users\\DELL\\Desktop\\RESULT APP\\backend\\node_modules\\router\\index.js:291:5)","timestamp":"2026-05-10T11:11:20.242Z","url":"/system-admin/dashboard"}
{"level":"error","message":"API Error Response Missing authorization header","method":"GET","path":"/system-admin/dashboard","status":401,"timestamp":"2026-05-10T11:11:20.243Z"}
{"duration":"4ms","level":"info","message":"API Request Completed","method":"GET","statusCode":401,"timestamp":"2026-05-10T11:11:20.245Z","url":"/system-admin/dashboard"}
{"ip":"::1","level":"info","message":"API Request","method":"GET","query":"{}","timestamp":"2026-05-10T11:11:31.092Z","url":"/.well-known/appspecific/com.chrome.devtools.json","userAgent":"Mozilla/5.0 (Windows NT 10.0; Win64; x64) AppleWebKit/537.36 (KHTML, like Gecko) Chrome/148.0.0.0 Safari/537.36"}
{"duration":"3ms","level":"info","message":"API Request Completed","method":"GET","statusCode":404,"timestamp":"2026-05-10T11:11:31.095Z","url":"/.well-known/appspecific/com.chrome.devtools.json"}
{"ip":"::1","level":"info","message":"API Request","method":"GET","query":"{}","timestamp":"2026-05-10T11:11:38.544Z","url":"/system-admin/dashboard","userAgent":"Mozilla/5.0 (Windows NT; Windows NT 10.0; en-US) WindowsPowerShell/5.1.22000.2538"}
{"error":"Missing authorization header","level":"error","message":"Global Error Handler","method":"GET","query":{},"stack":"Error: Missing authorization header\n    at exports.authenticateSystemAdmin (C:\\Users\\DELL\\Desktop\\RESULT APP\\backend\\modules\\systemAdmin\\auth\\middleware.js:8:13)\n    at Layer.handleRequest (C:\\Users\\DELL\\Desktop\\RESULT APP\\backend\\node_modules\\router\\lib\\layer.js:152:17)\n    at next (C:\\Users\\DELL\\Desktop\\RESULT APP\\backend\\node_modules\\router\\lib\\route.js:157:13)\n    at Route.dispatch (C:\\Users\\DELL\\Desktop\\RESULT APP\\backend\\node_modules\\router\\lib\\route.js:117:3)\n    at handle (C:\\Users\\DELL\\Desktop\\RESULT APP\\backend\\node_modules\\router\\index.js:435:11)\n    at Layer.handleRequest (C:\\Users\\DELL\\Desktop\\RESULT APP\\backend\\node_modules\\router\\lib\\layer.js:152:17)\n    at C:\\Users\\DELL\\Desktop\\RESULT APP\\backend\\node_modules\\router\\index.js:295:15\n    at processParams (C:\\Users\\DELL\\Desktop\\RESULT APP\\backend\\node_modules\\router\\index.js:582:12)\n    at next (C:\\Users\\DELL\\Desktop\\RESULT APP\\backend\\node_modules\\router\\index.js:291:5)\n    at router.handle (C:\\Users\\DELL\\Desktop\\RESULT APP\\backend\\node_modules\\router\\index.js:186:3)\n    at router (C:\\Users\\DELL\\Desktop\\RESULT APP\\backend\\node_modules\\router\\index.js:60:12)\n    at Layer.handleRequest (C:\\Users\\DELL\\Desktop\\RESULT APP\\backend\\node_modules\\router\\lib\\layer.js:152:17)\n    at trimPrefix (C:\\Users\\DELL\\Desktop\\RESULT APP\\backend\\node_modules\\router\\index.js:342:13)\n    at C:\\Users\\DELL\\Desktop\\RESULT APP\\backend\\node_modules\\router\\index.js:297:9\n    at processParams (C:\\Users\\DELL\\Desktop\\RESULT APP\\backend\\node_modules\\router\\index.js:582:12)\n    at next (C:\\Users\\DELL\\Desktop\\RESULT APP\\backend\\node_modules\\router\\index.js:291:5)","timestamp":"2026-05-10T11:11:38.545Z","url":"/system-admin/dashboard"}
{"level":"error","message":"API Error Response Missing authorization header","method":"GET","path":"/system-admin/dashboard","status":401,"timestamp":"2026-05-10T11:11:38.545Z"}
{"duration":"3ms","level":"info","message":"API Request Completed","method":"GET","statusCode":401,"timestamp":"2026-05-10T11:11:38.547Z","url":"/system-admin/dashboard"}
{"level":"info","message":"Initializing job queue manager...","timestamp":"2026-05-10T11:11:58.282Z"}
{"level":"info","message":"Infrastructure services initialized successfully","timestamp":"2026-05-10T11:11:58.284Z"}
{"error":{"code":"ECONNREFUSED"},"level":"warn","message":"Redis connection failed: AggregateError","stack":"AggregateError [ECONNREFUSED]: \n    at internalConnectMultiple (node:net:1134:18)\n    at afterConnectMultiple (node:net:1715:7)","timestamp":"2026-05-10T11:11:58.304Z"}
{"level":"warn","message":"Job queue system disabled - Redis not available","timestamp":"2026-05-10T11:11:58.329Z"}
{"level":"info","message":"Initializing job queue manager...","timestamp":"2026-05-10T11:12:14.181Z"}
{"level":"info","message":"Infrastructure services initialized successfully","timestamp":"2026-05-10T11:12:14.187Z"}
{"error":{"code":"ECONNREFUSED"},"level":"warn","message":"Redis connection failed: AggregateError","stack":"AggregateError [ECONNREFUSED]: \n    at internalConnectMultiple (node:net:1134:18)\n    at afterConnectMultiple (node:net:1715:7)","timestamp":"2026-05-10T11:12:14.205Z"}
{"level":"warn","message":"Job queue system disabled - Redis not available","timestamp":"2026-05-10T11:12:14.209Z"}
{"ip":"::1","level":"info","message":"API Request","method":"GET","query":"{}","timestamp":"2026-05-10T11:12:42.753Z","url":"/system-admin/dashboard","userAgent":"Mozilla/5.0 (Windows NT; Windows NT 10.0; en-US) WindowsPowerShell/5.1.22000.2538"}
{"duration":"20ms","level":"info","message":"API Request Completed","method":"GET","statusCode":200,"timestamp":"2026-05-10T11:12:42.772Z","url":"/system-admin/dashboard"}
{"ip":"::1","level":"info","message":"API Request","method":"GET","query":"{}","timestamp":"2026-05-10T11:14:46.692Z","url":"/system-admin/dashboard","userAgent":"Mozilla/5.0 (Windows NT 10.0; Win64; x64) AppleWebKit/537.36 (KHTML, like Gecko) Code/1.118.1 Chrome/142.0.7444.265 Electron/39.8.8 Safari/537.36"}
{"duration":"7ms","level":"info","message":"API Request Completed","method":"GET","statusCode":200,"timestamp":"2026-05-10T11:14:46.699Z","url":"/system-admin/dashboard"}
{"ip":"::1","level":"info","message":"API Request","method":"GET","query":"{}","timestamp":"2026-05-10T11:14:46.837Z","url":"/system-admin/css/styles.css","userAgent":"Mozilla/5.0 (Windows NT 10.0; Win64; x64) AppleWebKit/537.36 (KHTML, like Gecko) Code/1.118.1 Chrome/142.0.7444.265 Electron/39.8.8 Safari/537.36"}
{"ip":"::1","level":"info","message":"API Request","method":"GET","query":"{}","timestamp":"2026-05-10T11:14:46.846Z","url":"/system-admin/js/dashboard.js","userAgent":"Mozilla/5.0 (Windows NT 10.0; Win64; x64) AppleWebKit/537.36 (KHTML, like Gecko) Code/1.118.1 Chrome/142.0.7444.265 Electron/39.8.8 Safari/537.36"}
{"duration":"15ms","level":"info","message":"API Request Completed","method":"GET","statusCode":200,"timestamp":"2026-05-10T11:14:46.853Z","url":"/system-admin/css/styles.css"}
{"duration":"10ms","level":"info","message":"API Request Completed","method":"GET","statusCode":200,"timestamp":"2026-05-10T11:14:46.856Z","url":"/system-admin/js/dashboard.js"}
{"ip":"::1","level":"info","message":"API Request","method":"GET","query":"{}","timestamp":"2026-05-10T11:14:46.927Z","url":"/api/system-admin/dashboard/overview","userAgent":"Mozilla/5.0 (Windows NT 10.0; Win64; x64) AppleWebKit/537.36 (KHTML, like Gecko) Code/1.118.1 Chrome/142.0.7444.265 Electron/39.8.8 Safari/537.36"}
{"error":"Missing authorization header","level":"error","message":"Global Error Handler","method":"GET","query":{},"stack":"Error: Missing authorization header\n    at exports.authenticateSystemAdmin (C:\\Users\\DELL\\Desktop\\RESULT APP\\backend\\modules\\systemAdmin\\auth\\middleware.js:8:13)\n    at Layer.handleRequest (C:\\Users\\DELL\\Desktop\\RESULT APP\\backend\\node_modules\\router\\lib\\layer.js:152:17)\n    at trimPrefix (C:\\Users\\DELL\\Desktop\\RESULT APP\\backend\\node_modules\\router\\index.js:342:13)\n    at C:\\Users\\DELL\\Desktop\\RESULT APP\\backend\\node_modules\\router\\index.js:297:9\n    at processParams (C:\\Users\\DELL\\Desktop\\RESULT APP\\backend\\node_modules\\router\\index.js:582:12)\n    at next (C:\\Users\\DELL\\Desktop\\RESULT APP\\backend\\node_modules\\router\\index.js:291:5)\n    at router.handle (C:\\Users\\DELL\\Desktop\\RESULT APP\\backend\\node_modules\\router\\index.js:186:3)\n    at router (C:\\Users\\DELL\\Desktop\\RESULT APP\\backend\\node_modules\\router\\index.js:60:12)\n    at Layer.handleRequest (C:\\Users\\DELL\\Desktop\\RESULT APP\\backend\\node_modules\\router\\lib\\layer.js:152:17)\n    at trimPrefix (C:\\Users\\DELL\\Desktop\\RESULT APP\\backend\\node_modules\\router\\index.js:342:13)\n    at C:\\Users\\DELL\\Desktop\\RESULT APP\\backend\\node_modules\\router\\index.js:297:9\n    at processParams (C:\\Users\\DELL\\Desktop\\RESULT APP\\backend\\node_modules\\router\\index.js:582:12)\n    at next (C:\\Users\\DELL\\Desktop\\RESULT APP\\backend\\node_modules\\router\\index.js:291:5)\n    at router.handle (C:\\Users\\DELL\\Desktop\\RESULT APP\\backend\\node_modules\\router\\index.js:186:3)\n    at router (C:\\Users\\DELL\\Desktop\\RESULT APP\\backend\\node_modules\\router\\index.js:60:12)\n    at Layer.handleRequest (C:\\Users\\DELL\\Desktop\\RESULT APP\\backend\\node_modules\\router\\lib\\layer.js:152:17)","timestamp":"2026-05-10T11:14:46.930Z","url":"/api/system-admin/dashboard/overview"}
{"level":"error","message":"API Error Response Missing authorization header","method":"GET","path":"/api/system-admin/dashboard/overview","status":401,"timestamp":"2026-05-10T11:14:46.932Z"}
{"duration":"10ms","level":"info","message":"API Request Completed","method":"GET","statusCode":401,"timestamp":"2026-05-10T11:14:46.937Z","url":"/api/system-admin/dashboard/overview"}
{"ip":"::1","level":"info","message":"API Request","method":"GET","query":"{}","timestamp":"2026-05-10T11:14:47.039Z","url":"/favicon.ico","userAgent":"Mozilla/5.0 (Windows NT 10.0; Win64; x64) AppleWebKit/537.36 (KHTML, like Gecko) Code/1.118.1 Chrome/142.0.7444.265 Electron/39.8.8 Safari/537.36"}
{"duration":"3ms","level":"info","message":"API Request Completed","method":"GET","statusCode":404,"timestamp":"2026-05-10T11:14:47.042Z","url":"/favicon.ico"}
{"ip":"::1","level":"info","message":"API Request","method":"GET","query":"{}","timestamp":"2026-05-10T11:14:47.045Z","url":"/login","userAgent":"Mozilla/5.0 (Windows NT 10.0; Win64; x64) AppleWebKit/537.36 (KHTML, like Gecko) Code/1.118.1 Chrome/142.0.7444.265 Electron/39.8.8 Safari/537.36"}
{"duration":"2ms","level":"info","message":"API Request Completed","method":"GET","statusCode":404,"timestamp":"2026-05-10T11:14:47.047Z","url":"/login"}
{"level":"info","message":"Initializing job queue manager...","timestamp":"2026-05-10T11:15:41.389Z"}
{"level":"info","message":"Infrastructure services initialized successfully","timestamp":"2026-05-10T11:15:41.393Z"}
{"error":{"code":"ECONNREFUSED"},"level":"warn","message":"Redis connection failed: AggregateError","stack":"AggregateError [ECONNREFUSED]: \n    at internalConnectMultiple (node:net:1134:18)\n    at afterConnectMultiple (node:net:1715:7)","timestamp":"2026-05-10T11:15:41.471Z"}
{"level":"warn","message":"Job queue system disabled - Redis not available","timestamp":"2026-05-10T11:15:41.473Z"}
{"level":"info","message":"Initializing job queue manager...","timestamp":"2026-05-10T11:16:06.668Z"}
{"level":"info","message":"Infrastructure services initialized successfully","timestamp":"2026-05-10T11:16:06.672Z"}
{"error":{"code":"ECONNREFUSED"},"level":"warn","message":"Redis connection failed: AggregateError","stack":"AggregateError [ECONNREFUSED]: \n    at internalConnectMultiple (node:net:1134:18)\n    at afterConnectMultiple (node:net:1715:7)","timestamp":"2026-05-10T11:16:06.752Z"}
{"level":"warn","message":"Job queue system disabled - Redis not available","timestamp":"2026-05-10T11:16:06.758Z"}
{"ip":"::1","level":"info","message":"API Request","method":"GET","query":"{}","timestamp":"2026-05-10T11:16:37.672Z","url":"/system-admin/dashboard","userAgent":"Mozilla/5.0 (Windows NT 10.0; Win64; x64) AppleWebKit/537.36 (KHTML, like Gecko) Code/1.118.1 Chrome/142.0.7444.265 Electron/39.8.8 Safari/537.36"}
{"duration":"17ms","level":"info","message":"API Request Completed","method":"GET","statusCode":304,"timestamp":"2026-05-10T11:16:37.688Z","url":"/system-admin/dashboard"}
{"ip":"::1","level":"info","message":"API Request","method":"GET","query":"{}","timestamp":"2026-05-10T11:16:37.712Z","url":"/system-admin/css/styles.css","userAgent":"Mozilla/5.0 (Windows NT 10.0; Win64; x64) AppleWebKit/537.36 (KHTML, like Gecko) Code/1.118.1 Chrome/142.0.7444.265 Electron/39.8.8 Safari/537.36"}
{"ip":"::1","level":"info","message":"API Request","method":"GET","query":"{}","timestamp":"2026-05-10T11:16:37.716Z","url":"/system-admin/js/dashboard.js","userAgent":"Mozilla/5.0 (Windows NT 10.0; Win64; x64) AppleWebKit/537.36 (KHTML, like Gecko) Code/1.118.1 Chrome/142.0.7444.265 Electron/39.8.8 Safari/537.36"}
{"duration":"14ms","level":"info","message":"API Request Completed","method":"GET","statusCode":304,"timestamp":"2026-05-10T11:16:37.726Z","url":"/system-admin/css/styles.css"}
{"duration":"22ms","level":"info","message":"API Request Completed","method":"GET","statusCode":304,"timestamp":"2026-05-10T11:16:37.738Z","url":"/system-admin/js/dashboard.js"}
{"ip":"::1","level":"info","message":"API Request","method":"GET","query":"{}","timestamp":"2026-05-10T11:16:37.825Z","url":"/api/system-admin/dashboard/overview","userAgent":"Mozilla/5.0 (Windows NT 10.0; Win64; x64) AppleWebKit/537.36 (KHTML, like Gecko) Code/1.118.1 Chrome/142.0.7444.265 Electron/39.8.8 Safari/537.36"}
{"error":"password authentication failed for user \"username\"","level":"error","message":"Global Error Handler","method":"GET","query":{},"stack":"error: password authentication failed for user \"username\"\n    at C:\\Users\\DELL\\Desktop\\RESULT APP\\backend\\node_modules\\pg-pool\\index.js:45:11\n    at process.processTicksAndRejections (node:internal/process/task_queues:103:5)\n    at async Promise.all (index 0)\n    at async SystemAdminDashboardRepository.getLogsSummary (C:\\Users\\DELL\\Desktop\\RESULT APP\\backend\\modules\\systemAdmin\\dashboard\\repository.js:145:78)\n    at async Promise.all (index 5)\n    at async SystemAdminDashboardService.getOverview (C:\\Users\\DELL\\Desktop\\RESULT APP\\backend\\modules\\systemAdmin\\dashboard\\service.js:6:101)\n    at async C:\\Users\\DELL\\Desktop\\RESULT APP\\backend\\modules\\systemAdmin\\dashboard\\controller.js:6:20","timestamp":"2026-05-10T11:16:39.735Z","url":"/api/system-admin/dashboard/overview"}
{"level":"error","message":"API Error Response password authentication failed for user \"username\"","method":"GET","path":"/api/system-admin/dashboard/overview","status":500,"timestamp":"2026-05-10T11:16:39.749Z"}
{"duration":"1936ms","level":"info","message":"API Request Completed","method":"GET","statusCode":500,"timestamp":"2026-05-10T11:16:39.762Z","url":"/api/system-admin/dashboard/overview"}
{"ip":"::1","level":"info","message":"API Request","method":"GET","query":"{}","timestamp":"2026-05-10T11:16:43.980Z","url":"/api/system-admin/dashboard/subscriptions","userAgent":"Mozilla/5.0 (Windows NT 10.0; Win64; x64) AppleWebKit/537.36 (KHTML, like Gecko) Code/1.118.1 Chrome/142.0.7444.265 Electron/39.8.8 Safari/537.36"}
{"error":"password authentication failed for user \"username\"","level":"error","message":"Global Error Handler","method":"GET","query":{},"stack":"error: password authentication failed for user \"username\"\n    at C:\\Users\\DELL\\Desktop\\RESULT APP\\backend\\node_modules\\pg-pool\\index.js:45:11\n    at process.processTicksAndRejections (node:internal/process/task_queues:103:5)\n    at async Promise.all (index 0)\n    at async SystemAdminDashboardRepository.getSubscriptionsSummary (C:\\Users\\DELL\\Desktop\\RESULT APP\\backend\\modules\\systemAdmin\\dashboard\\repository.js:71:53)\n    at async C:\\Users\\DELL\\Desktop\\RESULT APP\\backend\\modules\\systemAdmin\\dashboard\\controller.js:6:20","timestamp":"2026-05-10T11:16:44.087Z","url":"/api/system-admin/dashboard/subscriptions"}
{"level":"error","message":"API Error Response password authentication failed for user \"username\"","method":"GET","path":"/api/system-admin/dashboard/subscriptions","status":500,"timestamp":"2026-05-10T11:16:44.095Z"}
{"duration":"116ms","level":"info","message":"API Request Completed","method":"GET","statusCode":500,"timestamp":"2026-05-10T11:16:44.097Z","url":"/api/system-admin/dashboard/subscriptions"}
{"ip":"::1","level":"info","message":"API Request","method":"GET","query":"{}","timestamp":"2026-05-10T11:16:57.169Z","url":"/system-admin/dashboard","userAgent":"Mozilla/5.0 (Windows NT 10.0; Win64; x64) AppleWebKit/537.36 (KHTML, like Gecko) Chrome/148.0.0.0 Safari/537.36"}
{"duration":"11ms","level":"info","message":"API Request Completed","method":"GET","statusCode":200,"timestamp":"2026-05-10T11:16:57.180Z","url":"/system-admin/dashboard"}
{"ip":"::1","level":"info","message":"API Request","method":"GET","query":"{}","timestamp":"2026-05-10T11:16:57.226Z","url":"/system-admin/css/styles.css","userAgent":"Mozilla/5.0 (Windows NT 10.0; Win64; x64) AppleWebKit/537.36 (KHTML, like Gecko) Chrome/148.0.0.0 Safari/537.36"}
{"ip":"::1","level":"info","message":"API Request","method":"GET","query":"{}","timestamp":"2026-05-10T11:16:57.228Z","url":"/system-admin/js/dashboard.js","userAgent":"Mozilla/5.0 (Windows NT 10.0; Win64; x64) AppleWebKit/537.36 (KHTML, like Gecko) Chrome/148.0.0.0 Safari/537.36"}
{"duration":"5ms","level":"info","message":"API Request Completed","method":"GET","statusCode":200,"timestamp":"2026-05-10T11:16:57.231Z","url":"/system-admin/css/styles.css"}
{"duration":"23ms","level":"info","message":"API Request Completed","method":"GET","statusCode":200,"timestamp":"2026-05-10T11:16:57.251Z","url":"/system-admin/js/dashboard.js"}
{"ip":"::1","level":"info","message":"API Request","method":"GET","query":"{}","timestamp":"2026-05-10T11:16:57.332Z","url":"/api/system-admin/dashboard/overview","userAgent":"Mozilla/5.0 (Windows NT 10.0; Win64; x64) AppleWebKit/537.36 (KHTML, like Gecko) Chrome/148.0.0.0 Safari/537.36"}
{"error":"password authentication failed for user \"username\"","level":"error","message":"Global Error Handler","method":"GET","query":{},"stack":"error: password authentication failed for user \"username\"\n    at C:\\Users\\DELL\\Desktop\\RESULT APP\\backend\\node_modules\\pg-pool\\index.js:45:11\n    at process.processTicksAndRejections (node:internal/process/task_queues:103:5)\n    at async Promise.all (index 1)\n    at async SystemAdminDashboardRepository.getAdminAccountsSummary (C:\\Users\\DELL\\Desktop\\RESULT APP\\backend\\modules\\systemAdmin\\dashboard\\repository.js:47:53)\n    at async Promise.all (index 1)\n    at async SystemAdminDashboardService.getOverview (C:\\Users\\DELL\\Desktop\\RESULT APP\\backend\\modules\\systemAdmin\\dashboard\\service.js:6:101)\n    at async C:\\Users\\DELL\\Desktop\\RESULT APP\\backend\\modules\\systemAdmin\\dashboard\\controller.js:6:20","timestamp":"2026-05-10T11:16:57.509Z","url":"/api/system-admin/dashboard/overview"}
{"level":"error","message":"API Error Response password authentication failed for user \"username\"","method":"GET","path":"/api/system-admin/dashboard/overview","status":500,"timestamp":"2026-05-10T11:16:57.673Z"}
{"duration":"429ms","level":"info","message":"API Request Completed","method":"GET","statusCode":500,"timestamp":"2026-05-10T11:16:57.762Z","url":"/api/system-admin/dashboard/overview"}
{"ip":"::1","level":"info","message":"API Request","method":"GET","query":"{}","timestamp":"2026-05-10T11:17:03.281Z","url":"/api/system-admin/dashboard/universities","userAgent":"Mozilla/5.0 (Windows NT 10.0; Win64; x64) AppleWebKit/537.36 (KHTML, like Gecko) Chrome/148.0.0.0 Safari/537.36"}
{"error":"password authentication failed for user \"username\"","level":"error","message":"Global Error Handler","method":"GET","query":{},"stack":"error: password authentication failed for user \"username\"\n    at C:\\Users\\DELL\\Desktop\\RESULT APP\\backend\\node_modules\\pg-pool\\index.js:45:11\n    at process.processTicksAndRejections (node:internal/process/task_queues:103:5)\n    at async Promise.all (index 0)\n    at async SystemAdminDashboardRepository.getUniversitySummary (C:\\Users\\DELL\\Desktop\\RESULT APP\\backend\\modules\\systemAdmin\\dashboard\\repository.js:19:53)\n    at async C:\\Users\\DELL\\Desktop\\RESULT APP\\backend\\modules\\systemAdmin\\dashboard\\controller.js:6:20","timestamp":"2026-05-10T11:17:03.361Z","url":"/api/system-admin/dashboard/universities"}
{"level":"error","message":"API Error Response password authentication failed for user \"username\"","method":"GET","path":"/api/system-admin/dashboard/universities","status":500,"timestamp":"2026-05-10T11:17:03.362Z"}
{"duration":"83ms","level":"info","message":"API Request Completed","method":"GET","statusCode":500,"timestamp":"2026-05-10T11:17:03.364Z","url":"/api/system-admin/dashboard/universities"}
{"ip":"::1","level":"info","message":"API Request","method":"GET","query":"{}","timestamp":"2026-05-10T11:17:04.884Z","url":"/api/system-admin/dashboard/admin-accounts","userAgent":"Mozilla/5.0 (Windows NT 10.0; Win64; x64) AppleWebKit/537.36 (KHTML, like Gecko) Chrome/148.0.0.0 Safari/537.36"}
{"error":"password authentication failed for user \"username\"","level":"error","message":"Global Error Handler","method":"GET","query":{},"stack":"error: password authentication failed for user \"username\"\n    at C:\\Users\\DELL\\Desktop\\RESULT APP\\backend\\node_modules\\pg-pool\\index.js:45:11\n    at process.processTicksAndRejections (node:internal/process/task_queues:103:5)\n    at async Promise.all (index 0)\n    at async SystemAdminDashboardRepository.getAdminAccountsSummary (C:\\Users\\DELL\\Desktop\\RESULT APP\\backend\\modules\\systemAdmin\\dashboard\\repository.js:47:53)\n    at async C:\\Users\\DELL\\Desktop\\RESULT APP\\backend\\modules\\systemAdmin\\dashboard\\controller.js:6:20","timestamp":"2026-05-10T11:17:04.958Z","url":"/api/system-admin/dashboard/admin-accounts"}
{"level":"error","message":"API Error Response password authentication failed for user \"username\"","method":"GET","path":"/api/system-admin/dashboard/admin-accounts","status":500,"timestamp":"2026-05-10T11:17:04.960Z"}
{"duration":"77ms","level":"info","message":"API Request Completed","method":"GET","statusCode":500,"timestamp":"2026-05-10T11:17:04.961Z","url":"/api/system-admin/dashboard/admin-accounts"}
{"ip":"::1","level":"info","message":"API Request","method":"GET","query":"{}","timestamp":"2026-05-10T11:17:06.283Z","url":"/api/system-admin/dashboard/subscriptions","userAgent":"Mozilla/5.0 (Windows NT 10.0; Win64; x64) AppleWebKit/537.36 (KHTML, like Gecko) Chrome/148.0.0.0 Safari/537.36"}
{"error":"password authentication failed for user \"username\"","level":"error","message":"Global Error Handler","method":"GET","query":{},"stack":"error: password authentication failed for user \"username\"\n    at C:\\Users\\DELL\\Desktop\\RESULT APP\\backend\\node_modules\\pg-pool\\index.js:45:11\n    at process.processTicksAndRejections (node:internal/process/task_queues:103:5)\n    at async Promise.all (index 1)\n    at async SystemAdminDashboardRepository.getSubscriptionsSummary (C:\\Users\\DELL\\Desktop\\RESULT APP\\backend\\modules\\systemAdmin\\dashboard\\repository.js:71:53)\n    at async C:\\Users\\DELL\\Desktop\\RESULT APP\\backend\\modules\\systemAdmin\\dashboard\\controller.js:6:20","timestamp":"2026-05-10T11:17:06.386Z","url":"/api/system-admin/dashboard/subscriptions"}
{"level":"error","message":"API Error Response password authentication failed for user \"username\"","method":"GET","path":"/api/system-admin/dashboard/subscriptions","status":500,"timestamp":"2026-05-10T11:17:06.387Z"}
{"duration":"105ms","level":"info","message":"API Request Completed","method":"GET","statusCode":500,"timestamp":"2026-05-10T11:17:06.388Z","url":"/api/system-admin/dashboard/subscriptions"}
{"ip":"::1","level":"info","message":"API Request","method":"GET","query":"{}","timestamp":"2026-05-10T11:17:07.678Z","url":"/api/system-admin/dashboard/billing","userAgent":"Mozilla/5.0 (Windows NT 10.0; Win64; x64) AppleWebKit/537.36 (KHTML, like Gecko) Chrome/148.0.0.0 Safari/537.36"}
{"error":"password authentication failed for user \"username\"","level":"error","message":"Global Error Handler","method":"GET","query":{},"stack":"error: password authentication failed for user \"username\"\n    at C:\\Users\\DELL\\Desktop\\RESULT APP\\backend\\node_modules\\pg-pool\\index.js:45:11\n    at process.processTicksAndRejections (node:internal/process/task_queues:103:5)\n    at async Promise.all (index 0)\n    at async SystemAdminDashboardRepository.getBillingSummary (C:\\Users\\DELL\\Desktop\\RESULT APP\\backend\\modules\\systemAdmin\\dashboard\\repository.js:94:53)\n    at async C:\\Users\\DELL\\Desktop\\RESULT APP\\backend\\modules\\systemAdmin\\dashboard\\controller.js:6:20","timestamp":"2026-05-10T11:17:07.763Z","url":"/api/system-admin/dashboard/billing"}
{"level":"error","message":"API Error Response password authentication failed for user \"username\"","method":"GET","path":"/api/system-admin/dashboard/billing","status":500,"timestamp":"2026-05-10T11:17:07.766Z"}
{"duration":"91ms","level":"info","message":"API Request Completed","method":"GET","statusCode":500,"timestamp":"2026-05-10T11:17:07.769Z","url":"/api/system-admin/dashboard/billing"}
{"ip":"::1","level":"info","message":"API Request","method":"GET","query":"{}","timestamp":"2026-05-10T11:17:09.039Z","url":"/api/system-admin/dashboard/analytics","userAgent":"Mozilla/5.0 (Windows NT 10.0; Win64; x64) AppleWebKit/537.36 (KHTML, like Gecko) Chrome/148.0.0.0 Safari/537.36"}
{"error":"password authentication failed for user \"username\"","level":"error","message":"Global Error Handler","method":"GET","query":{},"stack":"error: password authentication failed for user \"username\"\n    at C:\\Users\\DELL\\Desktop\\RESULT APP\\backend\\node_modules\\pg-pool\\index.js:45:11\n    at process.processTicksAndRejections (node:internal/process/task_queues:103:5)\n    at async AnalyticsModel.getPlatformMetrics (C:\\Users\\DELL\\Desktop\\RESULT APP\\backend\\modules\\analytics\\model.js:27:20)\n    at async AnalyticsService.getPlatformDashboard (C:\\Users\\DELL\\Desktop\\RESULT APP\\backend\\modules\\analytics\\service.js:18:29)\n    at async C:\\Users\\DELL\\Desktop\\RESULT APP\\backend\\modules\\systemAdmin\\dashboard\\controller.js:6:20","timestamp":"2026-05-10T11:17:09.113Z","url":"/api/system-admin/dashboard/analytics"}
{"level":"error","message":"API Error Response password authentication failed for user \"username\"","method":"GET","path":"/api/system-admin/dashboard/analytics","status":500,"timestamp":"2026-05-10T11:17:09.114Z"}
{"duration":"76ms","level":"info","message":"API Request Completed","method":"GET","statusCode":500,"timestamp":"2026-05-10T11:17:09.115Z","url":"/api/system-admin/dashboard/analytics"}
{"ip":"::1","level":"info","message":"API Request","method":"GET","query":"{}","timestamp":"2026-05-10T11:17:10.486Z","url":"/api/system-admin/dashboard/users","userAgent":"Mozilla/5.0 (Windows NT 10.0; Win64; x64) AppleWebKit/537.36 (KHTML, like Gecko) Chrome/148.0.0.0 Safari/537.36"}
{"error":"password authentication failed for user \"username\"","level":"error","message":"Global Error Handler","method":"GET","query":{},"stack":"error: password authentication failed for user \"username\"\n    at C:\\Users\\DELL\\Desktop\\RESULT APP\\backend\\node_modules\\pg-pool\\index.js:45:11\n    at process.processTicksAndRejections (node:internal/process/task_queues:103:5)\n    at async Promise.all (index 0)\n    at async SystemAdminDashboardRepository.getUsersSummary (C:\\Users\\DELL\\Desktop\\RESULT APP\\backend\\modules\\systemAdmin\\dashboard\\repository.js:118:57)\n    at async C:\\Users\\DELL\\Desktop\\RESULT APP\\backend\\modules\\systemAdmin\\dashboard\\controller.js:6:20","timestamp":"2026-05-10T11:17:10.575Z","url":"/api/system-admin/dashboard/users"}
{"level":"error","message":"API Error Response password authentication failed for user \"username\"","method":"GET","path":"/api/system-admin/dashboard/users","status":500,"timestamp":"2026-05-10T11:17:10.577Z"}
{"duration":"96ms","level":"info","message":"API Request Completed","method":"GET","statusCode":500,"timestamp":"2026-05-10T11:17:10.582Z","url":"/api/system-admin/dashboard/users"}
{"ip":"::1","level":"info","message":"API Request","method":"GET","query":"{}","timestamp":"2026-05-10T11:17:11.850Z","url":"/api/system-admin/dashboard/logs","userAgent":"Mozilla/5.0 (Windows NT 10.0; Win64; x64) AppleWebKit/537.36 (KHTML, like Gecko) Chrome/148.0.0.0 Safari/537.36"}
{"error":"password authentication failed for user \"username\"","level":"error","message":"Global Error Handler","method":"GET","query":{},"stack":"error: password authentication failed for user \"username\"\n    at C:\\Users\\DELL\\Desktop\\RESULT APP\\backend\\node_modules\\pg-pool\\index.js:45:11\n    at process.processTicksAndRejections (node:internal/process/task_queues:103:5)\n    at async Promise.all (index 0)\n    at async SystemAdminDashboardRepository.getLogsSummary (C:\\Users\\DELL\\Desktop\\RESULT APP\\backend\\modules\\systemAdmin\\dashboard\\repository.js:145:78)\n    at async C:\\Users\\DELL\\Desktop\\RESULT APP\\backend\\modules\\systemAdmin\\dashboard\\controller.js:6:20","timestamp":"2026-05-10T11:17:11.941Z","url":"/api/system-admin/dashboard/logs"}
{"level":"error","message":"API Error Response password authentication failed for user \"username\"","method":"GET","path":"/api/system-admin/dashboard/logs","status":500,"timestamp":"2026-05-10T11:17:11.942Z"}
{"duration":"93ms","level":"info","message":"API Request Completed","method":"GET","statusCode":500,"timestamp":"2026-05-10T11:17:11.943Z","url":"/api/system-admin/dashboard/logs"}
{"ip":"::1","level":"info","message":"API Request","method":"GET","query":"{}","timestamp":"2026-05-10T11:17:13.109Z","url":"/api/system-admin/dashboard/settings","userAgent":"Mozilla/5.0 (Windows NT 10.0; Win64; x64) AppleWebKit/537.36 (KHTML, like Gecko) Chrome/148.0.0.0 Safari/537.36"}
{"error":"password authentication failed for user \"username\"","level":"error","message":"Global Error Handler","method":"GET","query":{},"stack":"error: password authentication failed for user \"username\"\n    at C:\\Users\\DELL\\Desktop\\RESULT APP\\backend\\node_modules\\pg-pool\\index.js:45:11\n    at process.processTicksAndRejections (node:internal/process/task_queues:103:5)\n    at async SettingsRepository.getSettings (C:\\Users\\DELL\\Desktop\\RESULT APP\\backend\\modules\\settings\\repository.js:7:22)\n    at async SystemAdminDashboardRepository.getSettingsSummary (C:\\Users\\DELL\\Desktop\\RESULT APP\\backend\\modules\\systemAdmin\\dashboard\\repository.js:154:22)\n    at async C:\\Users\\DELL\\Desktop\\RESULT APP\\backend\\modules\\systemAdmin\\dashboard\\controller.js:6:20","timestamp":"2026-05-10T11:17:13.169Z","url":"/api/system-admin/dashboard/settings"}
{"level":"error","message":"API Error Response password authentication failed for user \"username\"","method":"GET","path":"/api/system-admin/dashboard/settings","status":500,"timestamp":"2026-05-10T11:17:13.170Z"}
{"duration":"62ms","level":"info","message":"API Request Completed","method":"GET","statusCode":500,"timestamp":"2026-05-10T11:17:13.171Z","url":"/api/system-admin/dashboard/settings"}
{"ip":"::1","level":"info","message":"API Request","method":"GET","query":"{}","timestamp":"2026-05-10T11:17:18.951Z","url":"/api/system-admin/dashboard/settings","userAgent":"Mozilla/5.0 (Windows NT 10.0; Win64; x64) AppleWebKit/537.36 (KHTML, like Gecko) Chrome/148.0.0.0 Safari/537.36"}
{"error":"password authentication failed for user \"username\"","level":"error","message":"Global Error Handler","method":"GET","query":{},"stack":"error: password authentication failed for user \"username\"\n    at C:\\Users\\DELL\\Desktop\\RESULT APP\\backend\\node_modules\\pg-pool\\index.js:45:11\n    at process.processTicksAndRejections (node:internal/process/task_queues:103:5)\n    at async SettingsRepository.getSettings (C:\\Users\\DELL\\Desktop\\RESULT APP\\backend\\modules\\settings\\repository.js:7:22)\n    at async SystemAdminDashboardRepository.getSettingsSummary (C:\\Users\\DELL\\Desktop\\RESULT APP\\backend\\modules\\systemAdmin\\dashboard\\repository.js:154:22)\n    at async C:\\Users\\DELL\\Desktop\\RESULT APP\\backend\\modules\\systemAdmin\\dashboard\\controller.js:6:20","timestamp":"2026-05-10T11:17:19.049Z","url":"/api/system-admin/dashboard/settings"}
{"level":"error","message":"API Error Response password authentication failed for user \"username\"","method":"GET","path":"/api/system-admin/dashboard/settings","status":500,"timestamp":"2026-05-10T11:17:19.083Z"}
{"duration":"133ms","level":"info","message":"API Request Completed","method":"GET","statusCode":500,"timestamp":"2026-05-10T11:17:19.084Z","url":"/api/system-admin/dashboard/settings"}
{"ip":"::1","level":"info","message":"API Request","method":"GET","query":"{}","timestamp":"2026-05-10T11:25:12.562Z","url":"/api/system-admin/dashboard/users","userAgent":"Mozilla/5.0 (Windows NT 10.0; Win64; x64) AppleWebKit/537.36 (KHTML, like Gecko) Code/1.118.1 Chrome/142.0.7444.265 Electron/39.8.8 Safari/537.36"}
{"error":"password authentication failed for user \"username\"","level":"error","message":"Global Error Handler","method":"GET","query":{},"stack":"error: password authentication failed for user \"username\"\n    at C:\\Users\\DELL\\Desktop\\RESULT APP\\backend\\node_modules\\pg-pool\\index.js:45:11\n    at process.processTicksAndRejections (node:internal/process/task_queues:103:5)\n    at async Promise.all (index 1)\n    at async SystemAdminDashboardRepository.getUsersSummary (C:\\Users\\DELL\\Desktop\\RESULT APP\\backend\\modules\\systemAdmin\\dashboard\\repository.js:118:57)\n    at async C:\\Users\\DELL\\Desktop\\RESULT APP\\backend\\modules\\systemAdmin\\dashboard\\controller.js:6:20","timestamp":"2026-05-10T11:25:12.675Z","url":"/api/system-admin/dashboard/users"}
{"level":"error","message":"API Error Response password authentication failed for user \"username\"","method":"GET","path":"/api/system-admin/dashboard/users","status":500,"timestamp":"2026-05-10T11:25:12.676Z"}
{"duration":"115ms","level":"info","message":"API Request Completed","method":"GET","statusCode":500,"timestamp":"2026-05-10T11:25:12.677Z","url":"/api/system-admin/dashboard/users"}
{"ip":"::1","level":"info","message":"API Request","method":"GET","query":"{}","timestamp":"2026-05-10T11:25:33.492Z","url":"/system-admin/css/styles.css","userAgent":"Mozilla/5.0 (Windows NT 10.0; Win64; x64) AppleWebKit/537.36 (KHTML, like Gecko) Chrome/148.0.0.0 Safari/537.36"}
{"duration":"5ms","level":"info","message":"API Request Completed","method":"GET","statusCode":200,"timestamp":"2026-05-10T11:25:33.497Z","url":"/system-admin/css/styles.css"}
{"ip":"::1","level":"info","message":"API Request","method":"GET","query":"{}","timestamp":"2026-05-10T11:25:33.653Z","url":"/.well-known/appspecific/com.chrome.devtools.json","userAgent":"Mozilla/5.0 (Windows NT 10.0; Win64; x64) AppleWebKit/537.36 (KHTML, like Gecko) Chrome/148.0.0.0 Safari/537.36"}
{"duration":"2ms","level":"info","message":"API Request Completed","method":"GET","statusCode":404,"timestamp":"2026-05-10T11:25:33.656Z","url":"/.well-known/appspecific/com.chrome.devtools.json"}
{"ip":"::1","level":"info","message":"API Request","method":"GET","query":"{}","timestamp":"2026-05-10T11:31:08.710Z","url":"/system-admin/login","userAgent":"Mozilla/5.0 (Windows NT; Windows NT 10.0; en-US) WindowsPowerShell/5.1.22000.2538"}
{"duration":"4ms","level":"info","message":"API Request Completed","method":"GET","statusCode":404,"timestamp":"2026-05-10T11:31:08.714Z","url":"/system-admin/login"}
{"level":"info","message":"Initializing job queue manager...","timestamp":"2026-05-10T11:36:36.528Z"}
{"level":"info","message":"Infrastructure services initialized successfully","timestamp":"2026-05-10T11:36:36.539Z"}
{"error":{"code":"ECONNREFUSED"},"level":"warn","message":"Redis connection failed: AggregateError","stack":"AggregateError [ECONNREFUSED]: \n    at internalConnectMultiple (node:net:1134:18)\n    at afterConnectMultiple (node:net:1715:7)","timestamp":"2026-05-10T11:36:36.568Z"}
{"level":"warn","message":"Job queue system disabled - Redis not available","timestamp":"2026-05-10T11:36:36.571Z"}
{"ip":"::1","level":"info","message":"API Request","method":"GET","query":"{}","timestamp":"2026-05-10T11:37:29.170Z","url":"/system-admin/login","userAgent":"Mozilla/5.0 (Windows NT; Windows NT 10.0; en-US) WindowsPowerShell/5.1.22000.2538"}
{"duration":"19ms","level":"info","message":"API Request Completed","method":"GET","statusCode":200,"timestamp":"2026-05-10T11:37:29.187Z","url":"/system-admin/login"}
{"ip":"::1","level":"info","message":"API Request","method":"GET","query":"{}","timestamp":"2026-05-10T11:38:09.026Z","url":"/system-admin/dashboard/overview","userAgent":"Mozilla/5.0 (Windows NT; Windows NT 10.0; en-US) WindowsPowerShell/5.1.22000.2538"}
{"duration":"6ms","level":"info","message":"API Request Completed","method":"GET","statusCode":200,"timestamp":"2026-05-10T11:38:09.031Z","url":"/system-admin/dashboard/overview"}
{"ip":"::1","level":"info","message":"API Request","method":"GET","query":"{}","timestamp":"2026-05-10T11:38:44.895Z","url":"/system-admin/dashboard","userAgent":"Mozilla/5.0 (Windows NT; Windows NT 10.0; en-US) WindowsPowerShell/5.1.22000.2538"}
{"duration":"4ms","level":"info","message":"API Request Completed","method":"GET","statusCode":200,"timestamp":"2026-05-10T11:38:44.899Z","url":"/system-admin/dashboard"}
{"ip":"::1","level":"info","message":"API Request","method":"GET","query":"{}","timestamp":"2026-05-10T11:39:09.307Z","url":"/system-admin/js/login.js","userAgent":"Mozilla/5.0 (Windows NT; Windows NT 10.0; en-US) WindowsPowerShell/5.1.22000.2538"}
{"duration":"3ms","level":"info","message":"API Request Completed","method":"GET","statusCode":200,"timestamp":"2026-05-10T11:39:09.310Z","url":"/system-admin/js/login.js"}
{"level":"info","message":"Initializing job queue manager...","timestamp":"2026-05-10T11:40:12.480Z"}
{"level":"info","message":"Infrastructure services initialized successfully","timestamp":"2026-05-10T11:40:12.483Z"}
{"error":{"code":"ECONNREFUSED"},"level":"warn","message":"Redis connection failed: AggregateError","stack":"AggregateError [ECONNREFUSED]: \n    at internalConnectMultiple (node:net:1134:18)\n    at afterConnectMultiple (node:net:1715:7)","timestamp":"2026-05-10T11:40:12.558Z"}
{"level":"warn","message":"Job queue system disabled - Redis not available","timestamp":"2026-05-10T11:40:12.560Z"}
{"ip":"::1","level":"info","message":"API Request","method":"GET","query":"{}","timestamp":"2026-05-10T11:40:21.745Z","url":"/system-admin/dashboard","userAgent":"Mozilla/5.0 (Linux; Android 6.0; Nexus 5 Build/MRA58N) AppleWebKit/537.36 (KHTML, like Gecko) Chrome/148.0.0.0 Mobile Safari/537.36"}
{"duration":"5ms","level":"info","message":"API Request Completed","method":"GET","statusCode":200,"timestamp":"2026-05-10T11:40:21.750Z","url":"/system-admin/dashboard"}
{"ip":"::1","level":"info","message":"API Request","method":"GET","query":"{}","timestamp":"2026-05-10T11:40:21.828Z","url":"/system-admin/css/styles.css","userAgent":"Mozilla/5.0 (Linux; Android 6.0; Nexus 5 Build/MRA58N) AppleWebKit/537.36 (KHTML, like Gecko) Chrome/148.0.0.0 Mobile Safari/537.36"}
{"ip":"::1","level":"info","message":"API Request","method":"GET","query":"{}","timestamp":"2026-05-10T11:40:21.848Z","url":"/system-admin/js/dashboard.js","userAgent":"Mozilla/5.0 (Linux; Android 6.0; Nexus 5 Build/MRA58N) AppleWebKit/537.36 (KHTML, like Gecko) Chrome/148.0.0.0 Mobile Safari/537.36"}
{"duration":"24ms","level":"info","message":"API Request Completed","method":"GET","statusCode":304,"timestamp":"2026-05-10T11:40:21.851Z","url":"/system-admin/css/styles.css"}
{"duration":"19ms","level":"info","message":"API Request Completed","method":"GET","statusCode":200,"timestamp":"2026-05-10T11:40:21.867Z","url":"/system-admin/js/dashboard.js"}
{"ip":"::1","level":"info","message":"API Request","method":"GET","query":"{}","timestamp":"2026-05-10T11:40:21.885Z","url":"/.well-known/appspecific/com.chrome.devtools.json","userAgent":"Mozilla/5.0 (Windows NT 10.0; Win64; x64) AppleWebKit/537.36 (KHTML, like Gecko) Chrome/148.0.0.0 Safari/537.36"}
{"duration":"11ms","level":"info","message":"API Request Completed","method":"GET","statusCode":404,"timestamp":"2026-05-10T11:40:21.896Z","url":"/.well-known/appspecific/com.chrome.devtools.json"}
{"ip":"::1","level":"info","message":"API Request","method":"GET","query":"{}","timestamp":"2026-05-10T11:40:22.020Z","url":"/system-admin/login","userAgent":"Mozilla/5.0 (Linux; Android 6.0; Nexus 5 Build/MRA58N) AppleWebKit/537.36 (KHTML, like Gecko) Chrome/148.0.0.0 Mobile Safari/537.36"}
{"duration":"15ms","level":"info","message":"API Request Completed","method":"GET","statusCode":200,"timestamp":"2026-05-10T11:40:22.035Z","url":"/system-admin/login"}
{"ip":"::1","level":"info","message":"API Request","method":"GET","query":"{}","timestamp":"2026-05-10T11:40:22.151Z","url":"/.well-known/appspecific/com.chrome.devtools.json","userAgent":"Mozilla/5.0 (Windows NT 10.0; Win64; x64) AppleWebKit/537.36 (KHTML, like Gecko) Chrome/148.0.0.0 Safari/537.36"}
{"duration":"2ms","level":"info","message":"API Request Completed","method":"GET","statusCode":404,"timestamp":"2026-05-10T11:40:22.153Z","url":"/.well-known/appspecific/com.chrome.devtools.json"}
{"ip":"::1","level":"info","message":"API Request","method":"GET","query":"{}","timestamp":"2026-05-10T11:40:22.168Z","url":"/system-admin/js/login.js","userAgent":"Mozilla/5.0 (Linux; Android 6.0; Nexus 5 Build/MRA58N) AppleWebKit/537.36 (KHTML, like Gecko) Chrome/148.0.0.0 Mobile Safari/537.36"}
{"duration":"10ms","level":"info","message":"API Request Completed","method":"GET","statusCode":200,"timestamp":"2026-05-10T11:40:22.178Z","url":"/system-admin/js/login.js"}
{"level":"info","message":"Initializing job queue manager...","timestamp":"2026-05-10T12:32:10.770Z"}
{"level":"info","message":"Infrastructure services initialized successfully","timestamp":"2026-05-10T12:32:10.803Z"}
{"error":{"code":"ECONNREFUSED"},"level":"warn","message":"Redis connection failed: AggregateError","stack":"AggregateError [ECONNREFUSED]: \n    at internalConnectMultiple (node:net:1134:18)\n    at afterConnectMultiple (node:net:1715:7)","timestamp":"2026-05-10T12:32:11.056Z"}
{"level":"warn","message":"Job queue system disabled - Redis not available","timestamp":"2026-05-10T12:32:11.061Z"}
{"ip":"::1","level":"info","message":"API Request","method":"GET","query":"{}","timestamp":"2026-05-10T12:33:02.894Z","url":"/system-admin/login","userAgent":"Mozilla/5.0 (Windows NT 10.0; Win64; x64) AppleWebKit/537.36 (KHTML, like Gecko) Code/1.118.1 Chrome/142.0.7444.265 Electron/39.8.8 Safari/537.36"}
{"duration":"5ms","level":"info","message":"API Request Completed","method":"GET","statusCode":200,"timestamp":"2026-05-10T12:33:02.899Z","url":"/system-admin/login"}
{"ip":"::1","level":"info","message":"API Request","method":"GET","query":"{}","timestamp":"2026-05-10T12:33:02.951Z","url":"/system-admin/js/login.js","userAgent":"Mozilla/5.0 (Windows NT 10.0; Win64; x64) AppleWebKit/537.36 (KHTML, like Gecko) Code/1.118.1 Chrome/142.0.7444.265 Electron/39.8.8 Safari/537.36"}
{"duration":"54ms","level":"info","message":"API Request Completed","method":"GET","statusCode":200,"timestamp":"2026-05-10T12:33:03.005Z","url":"/system-admin/js/login.js"}
{"ip":"::1","level":"info","message":"API Request","method":"GET","query":"{}","timestamp":"2026-05-10T12:33:13.613Z","url":"/system-admin/login","userAgent":"Mozilla/5.0 (Windows NT 10.0; Win64; x64) AppleWebKit/537.36 (KHTML, like Gecko) Code/1.118.1 Chrome/142.0.7444.265 Electron/39.8.8 Safari/537.36"}
{"duration":"11ms","level":"info","message":"API Request Completed","method":"GET","statusCode":200,"timestamp":"2026-05-10T12:33:13.623Z","url":"/system-admin/login"}
{"ip":"::1","level":"info","message":"API Request","method":"GET","query":"{}","timestamp":"2026-05-10T12:33:13.761Z","url":"/system-admin/js/login.js","userAgent":"Mozilla/5.0 (Windows NT 10.0; Win64; x64) AppleWebKit/537.36 (KHTML, like Gecko) Code/1.118.1 Chrome/142.0.7444.265 Electron/39.8.8 Safari/537.36"}
{"duration":"53ms","level":"info","message":"API Request Completed","method":"GET","statusCode":200,"timestamp":"2026-05-10T12:33:13.814Z","url":"/system-admin/js/login.js"}
{"ip":"::1","level":"info","message":"API Request","method":"GET","query":"{}","timestamp":"2026-05-10T12:33:14.002Z","url":"/favicon.ico","userAgent":"Mozilla/5.0 (Windows NT 10.0; Win64; x64) AppleWebKit/537.36 (KHTML, like Gecko) Code/1.118.1 Chrome/142.0.7444.265 Electron/39.8.8 Safari/537.36"}
{"duration":"1ms","level":"info","message":"API Request Completed","method":"GET","statusCode":404,"timestamp":"2026-05-10T12:33:14.004Z","url":"/favicon.ico"}
{"body":"{\"email\":\"slughub@edu.com\",\"password\":\"SLUGHUB@26\"}","ip":"::1","level":"info","message":"API Request","method":"POST","query":"{}","timestamp":"2026-05-10T12:34:12.780Z","url":"/api/system-admin/auth/login","userAgent":"Mozilla/5.0 (Windows NT 10.0; Win64; x64) AppleWebKit/537.36 (KHTML, like Gecko) Code/1.118.1 Chrome/142.0.7444.265 Electron/39.8.8 Safari/537.36"}
{"body":{"email":"slughub@edu.com","password":"SLUGHUB@26"},"error":"password authentication failed for user \"username\"","level":"error","message":"Global Error Handler","method":"POST","query":{},"stack":"error: password authentication failed for user \"username\"\n    at C:\\Users\\DELL\\Desktop\\RESULT APP\\backend\\node_modules\\pg-pool\\index.js:45:11\n    at process.processTicksAndRejections (node:internal/process/task_queues:103:5)\n    at async exports.getUserByEmail (C:\\Users\\DELL\\Desktop\\RESULT APP\\backend\\src\\repositories\\userRepository.js:9:20)\n    at async exports.getSystemAdminByEmail (C:\\Users\\DELL\\Desktop\\RESULT APP\\backend\\modules\\systemAdmin\\auth\\repository.js:5:16)\n    at async exports.systemAdminLogin (C:\\Users\\DELL\\Desktop\\RESULT APP\\backend\\modules\\systemAdmin\\auth\\service.js:16:16)\n    at async exports.login (C:\\Users\\DELL\\Desktop\\RESULT APP\\backend\\modules\\systemAdmin\\auth\\controller.js:10:20)","timestamp":"2026-05-10T12:34:12.879Z","url":"/api/system-admin/auth/login"}
{"level":"error","message":"API Error Response password authentication failed for user \"username\"","method":"POST","path":"/api/system-admin/auth/login","status":500,"timestamp":"2026-05-10T12:34:12.882Z"}
{"duration":"106ms","level":"info","message":"API Request Completed","method":"POST","statusCode":500,"timestamp":"2026-05-10T12:34:12.886Z","url":"/api/system-admin/auth/login"}
{"body":"{\"email\":\"slughub@edu.com\",\"password\":\"SLUGHUB@26\"}","ip":"::1","level":"info","message":"API Request","method":"POST","query":"{}","timestamp":"2026-05-10T12:36:07.979Z","url":"/api/system-admin/auth/login","userAgent":"Mozilla/5.0 (Windows NT 10.0; Win64; x64) AppleWebKit/537.36 (KHTML, like Gecko) Code/1.118.1 Chrome/142.0.7444.265 Electron/39.8.8 Safari/537.36"}
{"body":{"email":"slughub@edu.com","password":"SLUGHUB@26"},"error":"password authentication failed for user \"username\"","level":"error","message":"Global Error Handler","method":"POST","query":{},"stack":"error: password authentication failed for user \"username\"\n    at C:\\Users\\DELL\\Desktop\\RESULT APP\\backend\\node_modules\\pg-pool\\index.js:45:11\n    at process.processTicksAndRejections (node:internal/process/task_queues:103:5)\n    at async exports.getUserByEmail (C:\\Users\\DELL\\Desktop\\RESULT APP\\backend\\src\\repositories\\userRepository.js:9:20)\n    at async exports.getSystemAdminByEmail (C:\\Users\\DELL\\Desktop\\RESULT APP\\backend\\modules\\systemAdmin\\auth\\repository.js:5:16)\n    at async exports.systemAdminLogin (C:\\Users\\DELL\\Desktop\\RESULT APP\\backend\\modules\\systemAdmin\\auth\\service.js:16:16)\n    at async exports.login (C:\\Users\\DELL\\Desktop\\RESULT APP\\backend\\modules\\systemAdmin\\auth\\controller.js:10:20)","timestamp":"2026-05-10T12:36:08.098Z","url":"/api/system-admin/auth/login"}
{"level":"error","message":"API Error Response password authentication failed for user \"username\"","method":"POST","path":"/api/system-admin/auth/login","status":500,"timestamp":"2026-05-10T12:36:08.100Z"}
{"duration":"123ms","level":"info","message":"API Request Completed","method":"POST","statusCode":500,"timestamp":"2026-05-10T12:36:08.102Z","url":"/api/system-admin/auth/login"}
{"level":"info","message":"Initializing job queue manager...","timestamp":"2026-05-10T13:08:07.469Z"}
{"level":"info","message":"Infrastructure services initialized successfully","timestamp":"2026-05-10T13:08:07.472Z"}
{"error":{"address":"::1","code":"ECONNREFUSED","errno":-111,"port":6379,"syscall":"connect"},"level":"warn","message":"Redis connection failed: connect ECONNREFUSED ::1:6379","stack":"Error: connect ECONNREFUSED ::1:6379\n    at TCPConnectWrap.afterConnect [as oncomplete] (node:net:1555:16)","timestamp":"2026-05-10T13:08:07.487Z"}
{"level":"warn","message":"Job queue system disabled - Redis not available","timestamp":"2026-05-10T13:08:07.488Z"}
{"ip":"::1","level":"info","message":"API Request","method":"GET","query":"{}","timestamp":"2026-05-10T13:08:31.737Z","url":"/api/health"}
{"duration":"24ms","level":"info","message":"API Request Completed","method":"GET","statusCode":404,"timestamp":"2026-05-10T13:08:31.759Z","url":"/api/health"}
{"ip":"::1","level":"info","message":"API Request","method":"GET","query":"{}","timestamp":"2026-05-10T13:09:02.051Z","url":"/api/health"}
{"duration":"5ms","level":"info","message":"API Request Completed","method":"GET","statusCode":404,"timestamp":"2026-05-10T13:09:02.056Z","url":"/api/health"}
{"ip":"::1","level":"info","message":"API Request","method":"GET","query":"{}","timestamp":"2026-05-10T13:09:33.334Z","url":"/api/health"}
{"duration":"3ms","level":"info","message":"API Request Completed","method":"GET","statusCode":404,"timestamp":"2026-05-10T13:09:33.337Z","url":"/api/health"}
{"ip":"::1","level":"info","message":"API Request","method":"GET","query":"{}","timestamp":"2026-05-10T13:10:03.767Z","url":"/api/health"}
{"duration":"3ms","level":"info","message":"API Request Completed","method":"GET","statusCode":404,"timestamp":"2026-05-10T13:10:03.770Z","url":"/api/health"}
{"ip":"::1","level":"info","message":"API Request","method":"GET","query":"{}","timestamp":"2026-05-10T13:10:34.394Z","url":"/api/health"}
{"duration":"13ms","level":"info","message":"API Request Completed","method":"GET","statusCode":404,"timestamp":"2026-05-10T13:10:34.407Z","url":"/api/health"}
{"ip":"::1","level":"info","message":"API Request","method":"GET","query":"{}","timestamp":"2026-05-10T13:11:04.808Z","url":"/api/health"}
{"duration":"4ms","level":"info","message":"API Request Completed","method":"GET","statusCode":404,"timestamp":"2026-05-10T13:11:04.812Z","url":"/api/health"}
{"ip":"::1","level":"info","message":"API Request","method":"GET","query":"{}","timestamp":"2026-05-10T13:11:35.850Z","url":"/api/health"}
{"duration":"18ms","level":"info","message":"API Request Completed","method":"GET","statusCode":404,"timestamp":"2026-05-10T13:11:35.867Z","url":"/api/health"}
{"ip":"::1","level":"info","message":"API Request","method":"GET","query":"{}","timestamp":"2026-05-10T13:12:07.171Z","url":"/api/health"}
{"duration":"3ms","level":"info","message":"API Request Completed","method":"GET","statusCode":404,"timestamp":"2026-05-10T13:12:07.174Z","url":"/api/health"}
{"ip":"::1","level":"info","message":"API Request","method":"GET","query":"{}","timestamp":"2026-05-10T13:12:37.856Z","url":"/api/health"}
{"duration":"56ms","level":"info","message":"API Request Completed","method":"GET","statusCode":404,"timestamp":"2026-05-10T13:12:37.921Z","url":"/api/health"}
{"ip":"::1","level":"info","message":"API Request","method":"GET","query":"{}","timestamp":"2026-05-10T13:13:08.315Z","url":"/api/health"}
{"duration":"5ms","level":"info","message":"API Request Completed","method":"GET","statusCode":404,"timestamp":"2026-05-10T13:13:08.319Z","url":"/api/health"}
{"level":"info","message":"Shutting down job queues...","timestamp":"2026-05-10T13:13:26.635Z"}
