{"level":"info","message":"Initializing job queue manager...","timestamp":"2026-05-13T00:37:13.474Z"}
{"level":"info","message":"Infrastructure services initialized successfully","timestamp":"2026-05-13T00:37:13.491Z"}
{"level":"info","message":"Initialized queue: resultProcessingQueue","timestamp":"2026-05-13T00:37:13.595Z"}
{"level":"info","message":"Initialized queue: gpaCalculationQueue","timestamp":"2026-05-13T00:37:13.598Z"}
{"level":"info","message":"Initialized queue: cgpaUpdateQueue","timestamp":"2026-05-13T00:37:13.600Z"}
{"level":"info","message":"Initialized queue: notificationQueue","timestamp":"2026-05-13T00:37:13.603Z"}
{"level":"info","message":"Initialized queue: billingQueue","timestamp":"2026-05-13T00:37:13.609Z"}
{"level":"info","message":"Initialized queue: reportGenerationQueue","timestamp":"2026-05-13T00:37:13.610Z"}
{"level":"info","message":"Initialized queue: fileProcessingQueue","timestamp":"2026-05-13T00:37:13.616Z"}
{"level":"info","message":"All job workers initialized","timestamp":"2026-05-13T00:37:13.650Z"}
{"level":"info","message":"Job queue system initialized successfully","timestamp":"2026-05-13T00:37:13.655Z"}
{"body":"{\"email\":\"slughub@edu.com\",\"password\":\"SLUGHUB@26\"}","ip":"::1","level":"info","message":"API Request","method":"POST","query":"{}","timestamp":"2026-05-13T00:40:20.969Z","url":"/api/system-admin/auth/login","userAgent":"Python-urllib/3.14"}
{"body":{"email":"slughub@edu.com","password":"SLUGHUB@26"},"error":"role \"username\" does not exist","level":"error","message":"Global Error Handler","method":"POST","query":{},"stack":"error: role \"username\" does not exist\n    at C:\\Users\\DELL\\Desktop\\RESULT APP\\backend\\node_modules\\pg-pool\\index.js:45:11\n    at process.processTicksAndRejections (node:internal/process/task_queues:103:5)\n    at async exports.getUserByEmail (C:\\Users\\DELL\\Desktop\\RESULT APP\\backend\\src\\repositories\\userRepository.js:9:20)\n    at async exports.getSystemAdminByEmail (C:\\Users\\DELL\\Desktop\\RESULT APP\\backend\\modules\\systemAdmin\\auth\\repository.js:5:16)\n    at async exports.systemAdminLogin (C:\\Users\\DELL\\Desktop\\RESULT APP\\backend\\modules\\systemAdmin\\auth\\service.js:16:16)\n    at async exports.login (C:\\Users\\DELL\\Desktop\\RESULT APP\\backend\\modules\\systemAdmin\\auth\\controller.js:10:20)","timestamp":"2026-05-13T00:40:21.122Z","url":"/api/system-admin/auth/login"}
{"level":"error","message":"API Error Response role \"username\" does not exist","method":"POST","path":"/api/system-admin/auth/login","status":500,"timestamp":"2026-05-13T00:40:21.124Z"}
{"duration":"165ms","level":"info","message":"API Request Completed","method":"POST","statusCode":500,"timestamp":"2026-05-13T00:40:21.131Z","url":"/api/system-admin/auth/login"}
{"body":"{\"email\":\"slughub@edu.com\",\"password\":\"SLUGHUB@26\"}","ip":"::1","level":"info","message":"API Request","method":"POST","query":"{}","timestamp":"2026-05-13T00:42:41.073Z","url":"/api/system-admin/auth/login","userAgent":"Python-urllib/3.14"}
{"body":{"email":"slughub@edu.com","password":"SLUGHUB@26"},"error":"role \"username\" does not exist","level":"error","message":"Global Error Handler","method":"POST","query":{},"stack":"error: role \"username\" does not exist\n    at C:\\Users\\DELL\\Desktop\\RESULT APP\\backend\\node_modules\\pg-pool\\index.js:45:11\n    at process.processTicksAndRejections (node:internal/process/task_queues:103:5)\n    at async exports.getUserByEmail (C:\\Users\\DELL\\Desktop\\RESULT APP\\backend\\src\\repositories\\userRepository.js:9:20)\n    at async exports.getSystemAdminByEmail (C:\\Users\\DELL\\Desktop\\RESULT APP\\backend\\modules\\systemAdmin\\auth\\repository.js:5:16)\n    at async exports.systemAdminLogin (C:\\Users\\DELL\\Desktop\\RESULT APP\\backend\\modules\\systemAdmin\\auth\\service.js:16:16)\n    at async exports.login (C:\\Users\\DELL\\Desktop\\RESULT APP\\backend\\modules\\systemAdmin\\auth\\controller.js:10:20)","timestamp":"2026-05-13T00:42:41.204Z","url":"/api/system-admin/auth/login"}
{"level":"error","message":"API Error Response role \"username\" does not exist","method":"POST","path":"/api/system-admin/auth/login","status":500,"timestamp":"2026-05-13T00:42:41.205Z"}
{"duration":"135ms","level":"info","message":"API Request Completed","method":"POST","statusCode":500,"timestamp":"2026-05-13T00:42:41.207Z","url":"/api/system-admin/auth/login"}
{"level":"info","message":"Initializing job queue manager...","timestamp":"2026-05-13T00:44:30.309Z"}
{"level":"info","message":"Infrastructure services initialized successfully","timestamp":"2026-05-13T00:44:30.337Z"}
{"level":"info","message":"Initialized queue: resultProcessingQueue","timestamp":"2026-05-13T00:44:30.537Z"}
{"level":"info","message":"Initialized queue: gpaCalculationQueue","timestamp":"2026-05-13T00:44:30.549Z"}
{"level":"info","message":"Initialized queue: cgpaUpdateQueue","timestamp":"2026-05-13T00:44:30.557Z"}
{"level":"info","message":"Initialized queue: notificationQueue","timestamp":"2026-05-13T00:44:30.559Z"}
{"level":"info","message":"Initialized queue: billingQueue","timestamp":"2026-05-13T00:44:30.561Z"}
{"level":"info","message":"Initialized queue: reportGenerationQueue","timestamp":"2026-05-13T00:44:30.565Z"}
{"level":"info","message":"Initialized queue: fileProcessingQueue","timestamp":"2026-05-13T00:44:30.572Z"}
{"level":"info","message":"All job workers initialized","timestamp":"2026-05-13T00:44:30.581Z"}
{"level":"info","message":"Job queue system initialized successfully","timestamp":"2026-05-13T00:44:30.620Z"}
{"body":"{\"email\":\"slughub@edu.com\",\"password\":\"SLUGHUB@26\"}","ip":"::1","level":"info","message":"API Request","method":"POST","query":"{}","timestamp":"2026-05-13T00:46:33.515Z","url":"/api/system-admin/auth/login","userAgent":"Python-urllib/3.14"}
{"body":{"email":"slughub@edu.com","password":"SLUGHUB@26"},"error":"role \"username\" does not exist","level":"error","message":"Global Error Handler","method":"POST","query":{},"stack":"error: role \"username\" does not exist\n    at C:\\Users\\DELL\\Desktop\\RESULT APP\\backend\\node_modules\\pg-pool\\index.js:45:11\n    at process.processTicksAndRejections (node:internal/process/task_queues:103:5)\n    at async exports.getUserByEmail (C:\\Users\\DELL\\Desktop\\RESULT APP\\backend\\src\\repositories\\userRepository.js:9:20)\n    at async exports.getSystemAdminByEmail (C:\\Users\\DELL\\Desktop\\RESULT APP\\backend\\modules\\systemAdmin\\auth\\repository.js:5:16)\n    at async exports.systemAdminLogin (C:\\Users\\DELL\\Desktop\\RESULT APP\\backend\\modules\\systemAdmin\\auth\\service.js:16:16)\n    at async exports.login (C:\\Users\\DELL\\Desktop\\RESULT APP\\backend\\modules\\systemAdmin\\auth\\controller.js:10:20)","timestamp":"2026-05-13T00:46:33.642Z","url":"/api/system-admin/auth/login"}
{"level":"error","message":"API Error Response role \"username\" does not exist","method":"POST","path":"/api/system-admin/auth/login","status":500,"timestamp":"2026-05-13T00:46:33.644Z"}
{"duration":"132ms","level":"info","message":"API Request Completed","method":"POST","statusCode":500,"timestamp":"2026-05-13T00:46:33.646Z","url":"/api/system-admin/auth/login"}
{"body":"{\"email\":\"admin@srms.com\",\"password\":\"admin123\"}","ip":"::1","level":"info","message":"API Request","method":"POST","query":"{}","timestamp":"2026-05-13T00:49:20.308Z","url":"/api/system-admin/auth/login","userAgent":"python-requests/2.32.5"}
{"body":{"email":"admin@srms.com","password":"admin123"},"error":"role \"username\" does not exist","level":"error","message":"Global Error Handler","method":"POST","query":{},"stack":"error: role \"username\" does not exist\n    at C:\\Users\\DELL\\Desktop\\RESULT APP\\backend\\node_modules\\pg-pool\\index.js:45:11\n    at process.processTicksAndRejections (node:internal/process/task_queues:103:5)\n    at async exports.getUserByEmail (C:\\Users\\DELL\\Desktop\\RESULT APP\\backend\\src\\repositories\\userRepository.js:9:20)\n    at async exports.getSystemAdminByEmail (C:\\Users\\DELL\\Desktop\\RESULT APP\\backend\\modules\\systemAdmin\\auth\\repository.js:5:16)\n    at async exports.systemAdminLogin (C:\\Users\\DELL\\Desktop\\RESULT APP\\backend\\modules\\systemAdmin\\auth\\service.js:16:16)\n    at async exports.login (C:\\Users\\DELL\\Desktop\\RESULT APP\\backend\\modules\\systemAdmin\\auth\\controller.js:10:20)","timestamp":"2026-05-13T00:49:20.569Z","url":"/api/system-admin/auth/login"}
{"level":"error","message":"API Error Response role \"username\" does not exist","method":"POST","path":"/api/system-admin/auth/login","status":500,"timestamp":"2026-05-13T00:49:20.580Z"}
{"duration":"274ms","level":"info","message":"API Request Completed","method":"POST","statusCode":500,"timestamp":"2026-05-13T00:49:20.582Z","url":"/api/system-admin/auth/login"}
{"level":"info","message":"Initializing job queue manager...","timestamp":"2026-05-13T00:51:15.391Z"}
{"level":"info","message":"Infrastructure services initialized successfully","timestamp":"2026-05-13T00:51:15.399Z"}
{"level":"info","message":"Initialized queue: resultProcessingQueue","timestamp":"2026-05-13T00:51:15.564Z"}
{"level":"info","message":"Initialized queue: gpaCalculationQueue","timestamp":"2026-05-13T00:51:15.566Z"}
{"level":"info","message":"Initialized queue: cgpaUpdateQueue","timestamp":"2026-05-13T00:51:15.567Z"}
{"level":"info","message":"Initialized queue: notificationQueue","timestamp":"2026-05-13T00:51:15.568Z"}
{"level":"info","message":"Initialized queue: billingQueue","timestamp":"2026-05-13T00:51:15.570Z"}
{"level":"info","message":"Initialized queue: reportGenerationQueue","timestamp":"2026-05-13T00:51:15.579Z"}
{"level":"info","message":"Initialized queue: fileProcessingQueue","timestamp":"2026-05-13T00:51:15.580Z"}
{"level":"info","message":"All job workers initialized","timestamp":"2026-05-13T00:51:15.591Z"}
{"level":"info","message":"Job queue system initialized successfully","timestamp":"2026-05-13T00:51:15.595Z"}
{"body":"{\"email\":\"admin@srms.com\",\"password\":\"admin123\"}","ip":"::1","level":"info","message":"API Request","method":"POST","query":"{}","timestamp":"2026-05-13T00:51:41.640Z","url":"/api/system-admin/auth/login","userAgent":"python-requests/2.32.5"}
{"body":{"email":"admin@srms.com","password":"admin123"},"error":"Invalid system admin credentials","level":"error","message":"Global Error Handler","method":"POST","query":{},"stack":"Error: Invalid system admin credentials\n    at exports.systemAdminLogin (C:\\Users\\DELL\\Desktop\\RESULT APP\\backend\\modules\\systemAdmin\\auth\\service.js:18:11)\n    at process.processTicksAndRejections (node:internal/process/task_queues:103:5)\n    at async exports.login (C:\\Users\\DELL\\Desktop\\RESULT APP\\backend\\modules\\systemAdmin\\auth\\controller.js:10:20)","timestamp":"2026-05-13T00:51:41.782Z","url":"/api/system-admin/auth/login"}
{"level":"error","message":"API Error Response Invalid system admin credentials","method":"POST","path":"/api/system-admin/auth/login","status":401,"timestamp":"2026-05-13T00:51:41.783Z"}
{"duration":"152ms","level":"info","message":"API Request Completed","method":"POST","statusCode":401,"timestamp":"2026-05-13T00:51:41.791Z","url":"/api/system-admin/auth/login"}
{"body":"{\"email\":\"admin@srms.com\",\"password\":\"admin123\"}","ip":"::1","level":"info","message":"API Request","method":"POST","query":"{}","timestamp":"2026-05-13T00:55:47.620Z","url":"/api/system-admin/auth/login","userAgent":"python-requests/2.32.5"}
{"body":{"email":"admin@srms.com","password":"admin123"},"error":"relation \"user_sessions\" does not exist","level":"error","message":"Global Error Handler","method":"POST","query":{},"stack":"error: relation \"user_sessions\" does not exist\n    at C:\\Users\\DELL\\Desktop\\RESULT APP\\backend\\node_modules\\pg-pool\\index.js:45:11\n    at process.processTicksAndRejections (node:internal/process/task_queues:103:5)\n    at async exports.createSession (C:\\Users\\DELL\\Desktop\\RESULT APP\\backend\\src\\repositories\\userRepository.js:135:20)\n    at async exports.systemAdminLogin (C:\\Users\\DELL\\Desktop\\RESULT APP\\backend\\modules\\systemAdmin\\auth\\service.js:36:3)\n    at async exports.login (C:\\Users\\DELL\\Desktop\\RESULT APP\\backend\\modules\\systemAdmin\\auth\\controller.js:10:20)","timestamp":"2026-05-13T00:55:47.779Z","url":"/api/system-admin/auth/login"}
{"level":"error","message":"API Error Response relation \"user_sessions\" does not exist","method":"POST","path":"/api/system-admin/auth/login","status":500,"timestamp":"2026-05-13T00:55:47.780Z"}
{"duration":"163ms","level":"info","message":"API Request Completed","method":"POST","statusCode":500,"timestamp":"2026-05-13T00:55:47.783Z","url":"/api/system-admin/auth/login"}
{"body":"{\"email\":\"admin@srms.com\",\"password\":\"admin123\"}","ip":"::1","level":"info","message":"API Request","method":"POST","query":"{}","timestamp":"2026-05-13T00:58:32.928Z","url":"/api/system-admin/auth/login","userAgent":"python-requests/2.32.5"}
{"level":"info","message":"API Response System admin authenticated successfully","method":"POST","path":"/api/system-admin/auth/login","status":200,"timestamp":"2026-05-13T00:58:33.161Z"}
{"duration":"235ms","level":"info","message":"API Request Completed","method":"POST","statusCode":200,"timestamp":"2026-05-13T00:58:33.163Z","url":"/api/system-admin/auth/login"}
{"level":"info","message":"Initializing job queue manager...","timestamp":"2026-05-13T01:00:30.732Z"}
{"level":"info","message":"Infrastructure services initialized successfully","timestamp":"2026-05-13T01:00:30.743Z"}
{"level":"info","message":"Initialized queue: resultProcessingQueue","timestamp":"2026-05-13T01:00:30.810Z"}
{"level":"info","message":"Initialized queue: gpaCalculationQueue","timestamp":"2026-05-13T01:00:30.812Z"}
{"level":"info","message":"Initialized queue: cgpaUpdateQueue","timestamp":"2026-05-13T01:00:30.813Z"}
{"level":"info","message":"Initialized queue: notificationQueue","timestamp":"2026-05-13T01:00:30.815Z"}
{"level":"info","message":"Initialized queue: billingQueue","timestamp":"2026-05-13T01:00:30.816Z"}
{"level":"info","message":"Initialized queue: reportGenerationQueue","timestamp":"2026-05-13T01:00:30.817Z"}
{"level":"info","message":"Initialized queue: fileProcessingQueue","timestamp":"2026-05-13T01:00:30.819Z"}
{"level":"info","message":"All job workers initialized","timestamp":"2026-05-13T01:00:30.834Z"}
{"level":"info","message":"Job queue system initialized successfully","timestamp":"2026-05-13T01:00:30.840Z"}
{"ip":"::1","level":"info","message":"API Request","method":"GET","query":"{}","timestamp":"2026-05-13T01:00:50.734Z","url":"/login","userAgent":"Mozilla/5.0 (Windows NT 10.0; Win64; x64) AppleWebKit/537.36 (KHTML, like Gecko) Chrome/148.0.0.0 Safari/537.36"}
{"duration":"6ms","level":"info","message":"API Request Completed","method":"GET","statusCode":404,"timestamp":"2026-05-13T01:00:50.741Z","url":"/login"}
{"ip":"::1","level":"info","message":"API Request","method":"GET","query":"{}","timestamp":"2026-05-13T01:00:52.189Z","url":"/login","userAgent":"Mozilla/5.0 (Windows NT 10.0; Win64; x64) AppleWebKit/537.36 (KHTML, like Gecko) Chrome/148.0.0.0 Safari/537.36"}
{"duration":"4ms","level":"info","message":"API Request Completed","method":"GET","statusCode":404,"timestamp":"2026-05-13T01:00:52.193Z","url":"/login"}
{"ip":"::1","level":"info","message":"API Request","method":"GET","query":"{}","timestamp":"2026-05-13T01:01:06.018Z","url":"/system-admin/login","userAgent":"Mozilla/5.0 (Windows NT 10.0; Win64; x64) AppleWebKit/537.36 (KHTML, like Gecko) Chrome/148.0.0.0 Safari/537.36"}
{"duration":"21ms","level":"info","message":"API Request Completed","method":"GET","statusCode":200,"timestamp":"2026-05-13T01:01:06.039Z","url":"/system-admin/login"}
{"ip":"::1","level":"info","message":"API Request","method":"GET","query":"{}","timestamp":"2026-05-13T01:01:06.072Z","url":"/system-admin/js/login.js","userAgent":"Mozilla/5.0 (Windows NT 10.0; Win64; x64) AppleWebKit/537.36 (KHTML, like Gecko) Chrome/148.0.0.0 Safari/537.36"}
{"duration":"10ms","level":"info","message":"API Request Completed","method":"GET","statusCode":200,"timestamp":"2026-05-13T01:01:06.082Z","url":"/system-admin/js/login.js"}
{"ip":"::1","level":"info","message":"API Request","method":"GET","query":"{}","timestamp":"2026-05-13T01:01:06.232Z","url":"/favicon.ico","userAgent":"Mozilla/5.0 (Windows NT 10.0; Win64; x64) AppleWebKit/537.36 (KHTML, like Gecko) Chrome/148.0.0.0 Safari/537.36"}
{"duration":"2ms","level":"info","message":"API Request Completed","method":"GET","statusCode":404,"timestamp":"2026-05-13T01:01:06.233Z","url":"/favicon.ico"}
{"body":"{\"email\":\"admin@srms.com\",\"password\":\"admin123\"}","ip":"::1","level":"info","message":"API Request","method":"POST","query":"{}","timestamp":"2026-05-13T01:01:29.582Z","url":"/api/system-admin/auth/login","userAgent":"Mozilla/5.0 (Windows NT 10.0; Win64; x64) AppleWebKit/537.36 (KHTML, like Gecko) Chrome/148.0.0.0 Safari/537.36"}
{"level":"info","message":"API Response System admin authenticated successfully","method":"POST","path":"/api/system-admin/auth/login","status":200,"timestamp":"2026-05-13T01:01:29.803Z"}
{"duration":"222ms","level":"info","message":"API Request Completed","method":"POST","statusCode":200,"timestamp":"2026-05-13T01:01:29.804Z","url":"/api/system-admin/auth/login"}
{"ip":"::1","level":"info","message":"API Request","method":"GET","query":"{}","timestamp":"2026-05-13T01:01:30.883Z","url":"/system-admin/dashboard/overview","userAgent":"Mozilla/5.0 (Windows NT 10.0; Win64; x64) AppleWebKit/537.36 (KHTML, like Gecko) Chrome/148.0.0.0 Safari/537.36"}
{"duration":"17ms","level":"info","message":"API Request Completed","method":"GET","statusCode":200,"timestamp":"2026-05-13T01:01:30.899Z","url":"/system-admin/dashboard/overview"}
{"ip":"::1","level":"info","message":"API Request","method":"GET","query":"{}","timestamp":"2026-05-13T01:01:30.971Z","url":"/system-admin/css/styles.css","userAgent":"Mozilla/5.0 (Windows NT 10.0; Win64; x64) AppleWebKit/537.36 (KHTML, like Gecko) Chrome/148.0.0.0 Safari/537.36"}
{"ip":"::1","level":"info","message":"API Request","method":"GET","query":"{}","timestamp":"2026-05-13T01:01:30.977Z","url":"/system-admin/js/dashboard.js","userAgent":"Mozilla/5.0 (Windows NT 10.0; Win64; x64) AppleWebKit/537.36 (KHTML, like Gecko) Chrome/148.0.0.0 Safari/537.36"}
{"duration":"10ms","level":"info","message":"API Request Completed","method":"GET","statusCode":200,"timestamp":"2026-05-13T01:01:30.982Z","url":"/system-admin/css/styles.css"}
{"duration":"7ms","level":"info","message":"API Request Completed","method":"GET","statusCode":200,"timestamp":"2026-05-13T01:01:30.984Z","url":"/system-admin/js/dashboard.js"}
{"ip":"::1","level":"info","message":"API Request","method":"GET","query":"{}","timestamp":"2026-05-13T01:01:31.057Z","url":"/api/system-admin/dashboard/overview","userAgent":"Mozilla/5.0 (Windows NT 10.0; Win64; x64) AppleWebKit/537.36 (KHTML, like Gecko) Chrome/148.0.0.0 Safari/537.36"}
{"error":"relation \"user_roles\" does not exist","level":"error","message":"Global Error Handler","method":"GET","query":{},"stack":"error: relation \"user_roles\" does not exist\n    at C:\\Users\\DELL\\Desktop\\RESULT APP\\backend\\node_modules\\pg-pool\\index.js:45:11\n    at process.processTicksAndRejections (node:internal/process/task_queues:103:5)\n    at async Promise.all (index 1)\n    at async SystemAdminDashboardRepository.getAdminAccountsSummary (C:\\Users\\DELL\\Desktop\\RESULT APP\\backend\\modules\\systemAdmin\\dashboard\\repository.js:47:53)\n    at async Promise.all (index 1)\n    at async SystemAdminDashboardService.getOverview (C:\\Users\\DELL\\Desktop\\RESULT APP\\backend\\modules\\systemAdmin\\dashboard\\service.js:6:101)\n    at async C:\\Users\\DELL\\Desktop\\RESULT APP\\backend\\modules\\systemAdmin\\dashboard\\controller.js:6:20","timestamp":"2026-05-13T01:01:31.413Z","url":"/api/system-admin/dashboard/overview"}
{"level":"error","message":"API Error Response relation \"user_roles\" does not exist","method":"GET","path":"/api/system-admin/dashboard/overview","status":500,"timestamp":"2026-05-13T01:01:31.415Z"}
{"duration":"360ms","level":"info","message":"API Request Completed","method":"GET","statusCode":500,"timestamp":"2026-05-13T01:01:31.417Z","url":"/api/system-admin/dashboard/overview"}
{"ip":"::1","level":"info","message":"API Request","method":"GET","query":"{}","timestamp":"2026-05-13T01:01:49.251Z","url":"/api/system-admin/dashboard/universities","userAgent":"Mozilla/5.0 (Windows NT 10.0; Win64; x64) AppleWebKit/537.36 (KHTML, like Gecko) Chrome/148.0.0.0 Safari/537.36"}
{"level":"info","message":"API Response System admin dashboard data retrieved successfully","method":"GET","path":"/api/system-admin/dashboard/universities","status":200,"timestamp":"2026-05-13T01:01:49.264Z"}
{"duration":"18ms","level":"info","message":"API Request Completed","method":"GET","statusCode":200,"timestamp":"2026-05-13T01:01:49.269Z","url":"/api/system-admin/dashboard/universities"}
{"ip":"::1","level":"info","message":"API Request","method":"GET","query":"{}","timestamp":"2026-05-13T01:01:50.782Z","url":"/api/system-admin/dashboard/admin-accounts","userAgent":"Mozilla/5.0 (Windows NT 10.0; Win64; x64) AppleWebKit/537.36 (KHTML, like Gecko) Chrome/148.0.0.0 Safari/537.36"}
{"error":"relation \"user_roles\" does not exist","level":"error","message":"Global Error Handler","method":"GET","query":{},"stack":"error: relation \"user_roles\" does not exist\n    at C:\\Users\\DELL\\Desktop\\RESULT APP\\backend\\node_modules\\pg-pool\\index.js:45:11\n    at process.processTicksAndRejections (node:internal/process/task_queues:103:5)\n    at async Promise.all (index 0)\n    at async SystemAdminDashboardRepository.getAdminAccountsSummary (C:\\Users\\DELL\\Desktop\\RESULT APP\\backend\\modules\\systemAdmin\\dashboard\\repository.js:47:53)\n    at async C:\\Users\\DELL\\Desktop\\RESULT APP\\backend\\modules\\systemAdmin\\dashboard\\controller.js:6:20","timestamp":"2026-05-13T01:01:50.814Z","url":"/api/system-admin/dashboard/admin-accounts"}
{"level":"error","message":"API Error Response relation \"user_roles\" does not exist","method":"GET","path":"/api/system-admin/dashboard/admin-accounts","status":500,"timestamp":"2026-05-13T01:01:50.814Z"}
{"duration":"34ms","level":"info","message":"API Request Completed","method":"GET","statusCode":500,"timestamp":"2026-05-13T01:01:50.816Z","url":"/api/system-admin/dashboard/admin-accounts"}
{"ip":"::1","level":"info","message":"API Request","method":"GET","query":"{}","timestamp":"2026-05-13T01:01:52.153Z","url":"/api/system-admin/dashboard/subscriptions","userAgent":"Mozilla/5.0 (Windows NT 10.0; Win64; x64) AppleWebKit/537.36 (KHTML, like Gecko) Chrome/148.0.0.0 Safari/537.36"}
{"error":"relation \"subscriptions\" does not exist","level":"error","message":"Global Error Handler","method":"GET","query":{},"stack":"error: relation \"subscriptions\" does not exist\n    at C:\\Users\\DELL\\Desktop\\RESULT APP\\backend\\node_modules\\pg-pool\\index.js:45:11\n    at process.processTicksAndRejections (node:internal/process/task_queues:103:5)\n    at async Promise.all (index 0)\n    at async SystemAdminDashboardRepository.getSubscriptionsSummary (C:\\Users\\DELL\\Desktop\\RESULT APP\\backend\\modules\\systemAdmin\\dashboard\\repository.js:71:53)\n    at async C:\\Users\\DELL\\Desktop\\RESULT APP\\backend\\modules\\systemAdmin\\dashboard\\controller.js:6:20","timestamp":"2026-05-13T01:01:52.186Z","url":"/api/system-admin/dashboard/subscriptions"}
{"level":"error","message":"API Error Response relation \"subscriptions\" does not exist","method":"GET","path":"/api/system-admin/dashboard/subscriptions","status":500,"timestamp":"2026-05-13T01:01:52.200Z"}
{"duration":"60ms","level":"info","message":"API Request Completed","method":"GET","statusCode":500,"timestamp":"2026-05-13T01:01:52.213Z","url":"/api/system-admin/dashboard/subscriptions"}
{"ip":"::1","level":"info","message":"API Request","method":"GET","query":"{}","timestamp":"2026-05-13T01:01:53.186Z","url":"/api/system-admin/dashboard/billing","userAgent":"Mozilla/5.0 (Windows NT 10.0; Win64; x64) AppleWebKit/537.36 (KHTML, like Gecko) Chrome/148.0.0.0 Safari/537.36"}
{"error":"relation \"billing\" does not exist","level":"error","message":"Global Error Handler","method":"GET","query":{},"stack":"error: relation \"billing\" does not exist\n    at C:\\Users\\DELL\\Desktop\\RESULT APP\\backend\\node_modules\\pg-pool\\index.js:45:11\n    at process.processTicksAndRejections (node:internal/process/task_queues:103:5)\n    at async Promise.all (index 1)\n    at async SystemAdminDashboardRepository.getBillingSummary (C:\\Users\\DELL\\Desktop\\RESULT APP\\backend\\modules\\systemAdmin\\dashboard\\repository.js:94:53)\n    at async C:\\Users\\DELL\\Desktop\\RESULT APP\\backend\\modules\\systemAdmin\\dashboard\\controller.js:6:20","timestamp":"2026-05-13T01:01:53.318Z","url":"/api/system-admin/dashboard/billing"}
{"level":"error","message":"API Error Response relation \"billing\" does not exist","method":"GET","path":"/api/system-admin/dashboard/billing","status":500,"timestamp":"2026-05-13T01:01:53.324Z"}
{"duration":"139ms","level":"info","message":"API Request Completed","method":"GET","statusCode":500,"timestamp":"2026-05-13T01:01:53.325Z","url":"/api/system-admin/dashboard/billing"}
{"ip":"::1","level":"info","message":"API Request","method":"GET","query":"{}","timestamp":"2026-05-13T01:01:56.995Z","url":"/api/system-admin/dashboard/analytics","userAgent":"Mozilla/5.0 (Windows NT 10.0; Win64; x64) AppleWebKit/537.36 (KHTML, like Gecko) Chrome/148.0.0.0 Safari/537.36"}
{"error":"invalid input value for enum university_status: \"suspended\"","level":"error","message":"Global Error Handler","method":"GET","query":{},"stack":"error: invalid input value for enum university_status: \"suspended\"\n    at C:\\Users\\DELL\\Desktop\\RESULT APP\\backend\\node_modules\\pg-pool\\index.js:45:11\n    at process.processTicksAndRejections (node:internal/process/task_queues:103:5)\n    at async AnalyticsModel.getPlatformMetrics (C:\\Users\\DELL\\Desktop\\RESULT APP\\backend\\modules\\analytics\\model.js:27:20)\n    at async AnalyticsService.getPlatformDashboard (C:\\Users\\DELL\\Desktop\\RESULT APP\\backend\\modules\\analytics\\service.js:18:29)\n    at async C:\\Users\\DELL\\Desktop\\RESULT APP\\backend\\modules\\systemAdmin\\dashboard\\controller.js:6:20","timestamp":"2026-05-13T01:01:57.100Z","url":"/api/system-admin/dashboard/analytics"}
{"level":"error","message":"API Error Response invalid input value for enum university_status: \"suspended\"","method":"GET","path":"/api/system-admin/dashboard/analytics","status":500,"timestamp":"2026-05-13T01:01:57.102Z"}
{"duration":"120ms","level":"info","message":"API Request Completed","method":"GET","statusCode":500,"timestamp":"2026-05-13T01:01:57.115Z","url":"/api/system-admin/dashboard/analytics"}
{"ip":"::1","level":"info","message":"API Request","method":"GET","query":"{}","timestamp":"2026-05-13T01:01:57.845Z","url":"/api/system-admin/dashboard/users","userAgent":"Mozilla/5.0 (Windows NT 10.0; Win64; x64) AppleWebKit/537.36 (KHTML, like Gecko) Chrome/148.0.0.0 Safari/537.36"}
{"error":"relation \"user_roles\" does not exist","level":"error","message":"Global Error Handler","method":"GET","query":{},"stack":"error: relation \"user_roles\" does not exist\n    at C:\\Users\\DELL\\Desktop\\RESULT APP\\backend\\node_modules\\pg-pool\\index.js:45:11\n    at process.processTicksAndRejections (node:internal/process/task_queues:103:5)\n    at async Promise.all (index 1)\n    at async SystemAdminDashboardRepository.getUsersSummary (C:\\Users\\DELL\\Desktop\\RESULT APP\\backend\\modules\\systemAdmin\\dashboard\\repository.js:118:57)\n    at async C:\\Users\\DELL\\Desktop\\RESULT APP\\backend\\modules\\systemAdmin\\dashboard\\controller.js:6:20","timestamp":"2026-05-13T01:01:57.971Z","url":"/api/system-admin/dashboard/users"}
{"level":"error","message":"API Error Response relation \"user_roles\" does not exist","method":"GET","path":"/api/system-admin/dashboard/users","status":500,"timestamp":"2026-05-13T01:01:57.973Z"}
{"duration":"129ms","level":"info","message":"API Request Completed","method":"GET","statusCode":500,"timestamp":"2026-05-13T01:01:57.974Z","url":"/api/system-admin/dashboard/users"}
{"ip":"::1","level":"info","message":"API Request","method":"GET","query":"{}","timestamp":"2026-05-13T01:01:59.827Z","url":"/api/system-admin/dashboard/logs","userAgent":"Mozilla/5.0 (Windows NT 10.0; Win64; x64) AppleWebKit/537.36 (KHTML, like Gecko) Chrome/148.0.0.0 Safari/537.36"}
{"error":"relation \"activity_logs\" does not exist","level":"error","message":"Global Error Handler","method":"GET","query":{},"stack":"error: relation \"activity_logs\" does not exist\n    at C:\\Users\\DELL\\Desktop\\RESULT APP\\backend\\node_modules\\pg-pool\\index.js:45:11\n    at process.processTicksAndRejections (node:internal/process/task_queues:103:5)\n    at async Promise.all (index 0)\n    at async SystemAdminDashboardRepository.getLogsSummary (C:\\Users\\DELL\\Desktop\\RESULT APP\\backend\\modules\\systemAdmin\\dashboard\\repository.js:145:78)\n    at async C:\\Users\\DELL\\Desktop\\RESULT APP\\backend\\modules\\systemAdmin\\dashboard\\controller.js:6:20","timestamp":"2026-05-13T01:01:59.833Z","url":"/api/system-admin/dashboard/logs"}
{"level":"error","message":"API Error Response relation \"activity_logs\" does not exist","method":"GET","path":"/api/system-admin/dashboard/logs","status":500,"timestamp":"2026-05-13T01:01:59.846Z"}
{"duration":"20ms","level":"info","message":"API Request Completed","method":"GET","statusCode":500,"timestamp":"2026-05-13T01:01:59.847Z","url":"/api/system-admin/dashboard/logs"}
{"ip":"::1","level":"info","message":"API Request","method":"GET","query":"{}","timestamp":"2026-05-13T01:02:00.814Z","url":"/api/system-admin/dashboard/settings","userAgent":"Mozilla/5.0 (Windows NT 10.0; Win64; x64) AppleWebKit/537.36 (KHTML, like Gecko) Chrome/148.0.0.0 Safari/537.36"}
{"error":"relation \"platform_settings\" does not exist","level":"error","message":"Global Error Handler","method":"GET","query":{},"stack":"error: relation \"platform_settings\" does not exist\n    at C:\\Users\\DELL\\Desktop\\RESULT APP\\backend\\node_modules\\pg-pool\\index.js:45:11\n    at process.processTicksAndRejections (node:internal/process/task_queues:103:5)\n    at async SettingsRepository.getSettings (C:\\Users\\DELL\\Desktop\\RESULT APP\\backend\\modules\\settings\\repository.js:7:22)\n    at async SystemAdminDashboardRepository.getSettingsSummary (C:\\Users\\DELL\\Desktop\\RESULT APP\\backend\\modules\\systemAdmin\\dashboard\\repository.js:154:22)\n    at async C:\\Users\\DELL\\Desktop\\RESULT APP\\backend\\modules\\systemAdmin\\dashboard\\controller.js:6:20","timestamp":"2026-05-13T01:02:00.895Z","url":"/api/system-admin/dashboard/settings"}
{"level":"error","message":"API Error Response relation \"platform_settings\" does not exist","method":"GET","path":"/api/system-admin/dashboard/settings","status":500,"timestamp":"2026-05-13T01:02:00.902Z"}
{"duration":"94ms","level":"info","message":"API Request Completed","method":"GET","statusCode":500,"timestamp":"2026-05-13T01:02:00.908Z","url":"/api/system-admin/dashboard/settings"}
